{
  "/Users/skyler/Sites/helpers.js/src/inputOutput.ts": {
    "path": "/Users/skyler/Sites/helpers.js/src/inputOutput.ts",
    "statementMap": {
      "0": {
        "start": { "line": 5, "column": 22 },
        "end": { "line": 7, "column": 1 }
      },
      "1": {
        "start": { "line": 6, "column": 4 },
        "end": { "line": 6, "column": 62 }
      },
      "2": {
        "start": { "line": 8, "column": 0 },
        "end": { "line": 8, "column": 62 }
      },
      "3": {
        "start": { "line": 9, "column": 0 },
        "end": { "line": 9, "column": 101 }
      },
      "4": {
        "start": { "line": 10, "column": 11 },
        "end": { "line": 10, "column": 41 }
      },
      "5": {
        "start": { "line": 18, "column": 25 },
        "end": { "line": 56, "column": 1 }
      },
      "6": {
        "start": { "line": 19, "column": 13 },
        "end": { "line": 19, "column": 36 }
      },
      "7": {
        "start": { "line": 19, "column": 43 },
        "end": { "line": 19, "column": 49 }
      },
      "8": {
        "start": { "line": 19, "column": 57 },
        "end": { "line": 19, "column": 82 }
      },
      "9": {
        "start": { "line": 19, "column": 89 },
        "end": { "line": 19, "column": 101 }
      },
      "10": {
        "start": { "line": 19, "column": 115 },
        "end": { "line": 19, "column": 141 }
      },
      "11": {
        "start": { "line": 20, "column": 4 },
        "end": { "line": 22, "column": 5 }
      },
      "12": {
        "start": { "line": 21, "column": 8 },
        "end": { "line": 21, "column": 64 }
      },
      "13": {
        "start": { "line": 23, "column": 4 },
        "end": { "line": 25, "column": 5 }
      },
      "14": {
        "start": { "line": 24, "column": 8 },
        "end": { "line": 24, "column": 64 }
      },
      "15": {
        "start": { "line": 26, "column": 4 },
        "end": { "line": 28, "column": 5 }
      },
      "16": {
        "start": { "line": 27, "column": 8 },
        "end": { "line": 27, "column": 71 }
      },
      "17": {
        "start": { "line": 29, "column": 4 },
        "end": { "line": 31, "column": 5 }
      },
      "18": {
        "start": { "line": 30, "column": 8 },
        "end": { "line": 30, "column": 62 }
      },
      "19": {
        "start": { "line": 32, "column": 19 },
        "end": { "line": 32, "column": 48 }
      },
      "20": {
        "start": { "line": 33, "column": 4 },
        "end": { "line": 41, "column": 5 }
      },
      "21": {
        "start": { "line": 35, "column": 8 },
        "end": { "line": 38, "column": 9 }
      },
      "22": {
        "start": { "line": 37, "column": 12 },
        "end": { "line": 37, "column": 28 }
      },
      "23": {
        "start": { "line": 40, "column": 8 },
        "end": { "line": 40, "column": 95 }
      },
      "24": {
        "start": { "line": 40, "column": 53 },
        "end": { "line": 40, "column": 91 }
      },
      "25": {
        "start": { "line": 43, "column": 4 },
        "end": { "line": 51, "column": 5 }
      },
      "26": {
        "start": { "line": 45, "column": 31 },
        "end": { "line": 45, "column": 55 }
      },
      "27": {
        "start": { "line": 46, "column": 27 },
        "end": { "line": 46, "column": 91 }
      },
      "28": {
        "start": { "line": 46, "column": 55 },
        "end": { "line": 46, "column": 88 }
      },
      "29": {
        "start": { "line": 47, "column": 8 },
        "end": { "line": 49, "column": 9 }
      },
      "30": {
        "start": { "line": 48, "column": 12 },
        "end": { "line": 48, "column": 24 }
      },
      "31": {
        "start": { "line": 50, "column": 8 },
        "end": { "line": 50, "column": 31 }
      },
      "32": {
        "start": { "line": 53, "column": 4 },
        "end": { "line": 55, "column": 92 }
      },
      "33": {
        "start": { "line": 54, "column": 38 },
        "end": { "line": 54, "column": 76 }
      },
      "34": {
        "start": { "line": 55, "column": 35 },
        "end": { "line": 55, "column": 88 }
      },
      "35": {
        "start": { "line": 57, "column": 0 },
        "end": { "line": 57, "column": 48 }
      },
      "36": {
        "start": { "line": 62, "column": 15 },
        "end": { "line": 77, "column": 1 }
      },
      "37": {
        "start": { "line": 63, "column": 4 },
        "end": { "line": 76, "column": 7 }
      },
      "38": {
        "start": { "line": 64, "column": 8 },
        "end": { "line": 67, "column": 9 }
      },
      "39": {
        "start": { "line": 65, "column": 12 },
        "end": { "line": 65, "column": 75 }
      },
      "40": {
        "start": { "line": 66, "column": 12 },
        "end": { "line": 66, "column": 19 }
      },
      "41": {
        "start": { "line": 68, "column": 21 },
        "end": { "line": 68, "column": 60 }
      },
      "42": {
        "start": { "line": 69, "column": 8 },
        "end": { "line": 75, "column": 11 }
      },
      "43": {
        "start": { "line": 71, "column": 12 },
        "end": { "line": 71, "column": 39 }
      },
      "44": {
        "start": { "line": 74, "column": 12 },
        "end": { "line": 74, "column": 24 }
      },
      "45": {
        "start": { "line": 78, "column": 0 },
        "end": { "line": 78, "column": 28 }
      },
      "46": {
        "start": { "line": 84, "column": 20 },
        "end": { "line": 104, "column": 1 }
      },
      "47": {
        "start": { "line": 85, "column": 4 },
        "end": { "line": 103, "column": 7 }
      },
      "48": {
        "start": { "line": 86, "column": 8 },
        "end": { "line": 89, "column": 9 }
      },
      "49": {
        "start": { "line": 87, "column": 12 },
        "end": { "line": 87, "column": 77 }
      },
      "50": {
        "start": { "line": 88, "column": 12 },
        "end": { "line": 88, "column": 19 }
      },
      "51": {
        "start": { "line": 90, "column": 8 },
        "end": { "line": 93, "column": 9 }
      },
      "52": {
        "start": { "line": 91, "column": 12 },
        "end": { "line": 91, "column": 78 }
      },
      "53": {
        "start": { "line": 92, "column": 12 },
        "end": { "line": 92, "column": 19 }
      },
      "54": {
        "start": { "line": 94, "column": 25 },
        "end": { "line": 96, "column": 10 }
      },
      "55": {
        "start": { "line": 95, "column": 12 },
        "end": { "line": 95, "column": 24 }
      },
      "56": {
        "start": { "line": 97, "column": 26 },
        "end": { "line": 99, "column": 10 }
      },
      "57": {
        "start": { "line": 98, "column": 12 },
        "end": { "line": 98, "column": 24 }
      },
      "58": {
        "start": { "line": 100, "column": 8 },
        "end": { "line": 102, "column": 11 }
      },
      "59": {
        "start": { "line": 101, "column": 12 },
        "end": { "line": 101, "column": 106 }
      },
      "60": {
        "start": { "line": 105, "column": 0 },
        "end": { "line": 105, "column": 38 }
      },
      "61": {
        "start": { "line": 111, "column": 18 },
        "end": { "line": 129, "column": 1 }
      },
      "62": {
        "start": { "line": 112, "column": 4 },
        "end": { "line": 128, "column": 7 }
      },
      "63": {
        "start": { "line": 113, "column": 8 },
        "end": { "line": 116, "column": 9 }
      },
      "64": {
        "start": { "line": 114, "column": 12 },
        "end": { "line": 114, "column": 70 }
      },
      "65": {
        "start": { "line": 115, "column": 12 },
        "end": { "line": 115, "column": 19 }
      },
      "66": {
        "start": { "line": 117, "column": 8 },
        "end": { "line": 120, "column": 9 }
      },
      "67": {
        "start": { "line": 118, "column": 12 },
        "end": { "line": 118, "column": 71 }
      },
      "68": {
        "start": { "line": 119, "column": 12 },
        "end": { "line": 119, "column": 19 }
      },
      "69": {
        "start": { "line": 121, "column": 8 },
        "end": { "line": 127, "column": 11 }
      },
      "70": {
        "start": { "line": 122, "column": 12 },
        "end": { "line": 125, "column": 13 }
      },
      "71": {
        "start": { "line": 123, "column": 16 },
        "end": { "line": 123, "column": 28 }
      },
      "72": {
        "start": { "line": 124, "column": 16 },
        "end": { "line": 124, "column": 23 }
      },
      "73": {
        "start": { "line": 126, "column": 12 },
        "end": { "line": 126, "column": 63 }
      },
      "74": {
        "start": { "line": 130, "column": 0 },
        "end": { "line": 130, "column": 34 }
      }
    },
    "fnMap": {
      "0": {
        "name": "(anonymous_0)",
        "decl": {
          "start": { "line": 5, "column": 56 },
          "end": { "line": 5, "column": 57 }
        },
        "loc": {
          "start": { "line": 5, "column": 71 },
          "end": { "line": 7, "column": 1 }
        },
        "line": 5
      },
      "1": {
        "name": "(anonymous_1)",
        "decl": {
          "start": { "line": 18, "column": 25 },
          "end": { "line": 18, "column": 26 }
        },
        "loc": {
          "start": { "line": 18, "column": 44 },
          "end": { "line": 56, "column": 1 }
        },
        "line": 18
      },
      "2": {
        "name": "(anonymous_2)",
        "decl": {
          "start": { "line": 40, "column": 31 },
          "end": { "line": 40, "column": 32 }
        },
        "loc": {
          "start": { "line": 40, "column": 51 },
          "end": { "line": 40, "column": 93 }
        },
        "line": 40
      },
      "3": {
        "name": "(anonymous_3)",
        "decl": {
          "start": { "line": 46, "column": 40 },
          "end": { "line": 46, "column": 41 }
        },
        "loc": {
          "start": { "line": 46, "column": 53 },
          "end": { "line": 46, "column": 90 }
        },
        "line": 46
      },
      "4": {
        "name": "(anonymous_4)",
        "decl": {
          "start": { "line": 54, "column": 16 },
          "end": { "line": 54, "column": 17 }
        },
        "loc": {
          "start": { "line": 54, "column": 36 },
          "end": { "line": 54, "column": 78 }
        },
        "line": 54
      },
      "5": {
        "name": "(anonymous_5)",
        "decl": {
          "start": { "line": 55, "column": 13 },
          "end": { "line": 55, "column": 14 }
        },
        "loc": {
          "start": { "line": 55, "column": 33 },
          "end": { "line": 55, "column": 90 }
        },
        "line": 55
      },
      "6": {
        "name": "(anonymous_6)",
        "decl": {
          "start": { "line": 62, "column": 15 },
          "end": { "line": 62, "column": 16 }
        },
        "loc": {
          "start": { "line": 62, "column": 35 },
          "end": { "line": 77, "column": 1 }
        },
        "line": 62
      },
      "7": {
        "name": "(anonymous_7)",
        "decl": {
          "start": { "line": 63, "column": 23 },
          "end": { "line": 63, "column": 24 }
        },
        "loc": {
          "start": { "line": 63, "column": 50 },
          "end": { "line": 76, "column": 5 }
        },
        "line": 63
      },
      "8": {
        "name": "(anonymous_8)",
        "decl": {
          "start": { "line": 70, "column": 24 },
          "end": { "line": 70, "column": 25 }
        },
        "loc": {
          "start": { "line": 70, "column": 42 },
          "end": { "line": 72, "column": 9 }
        },
        "line": 70
      },
      "9": {
        "name": "(anonymous_9)",
        "decl": {
          "start": { "line": 73, "column": 25 },
          "end": { "line": 73, "column": 26 }
        },
        "loc": {
          "start": { "line": 73, "column": 40 },
          "end": { "line": 75, "column": 9 }
        },
        "line": 73
      },
      "10": {
        "name": "(anonymous_10)",
        "decl": {
          "start": { "line": 84, "column": 20 },
          "end": { "line": 84, "column": 21 }
        },
        "loc": {
          "start": { "line": 84, "column": 55 },
          "end": { "line": 104, "column": 1 }
        },
        "line": 84
      },
      "11": {
        "name": "(anonymous_11)",
        "decl": {
          "start": { "line": 85, "column": 23 },
          "end": { "line": 85, "column": 24 }
        },
        "loc": {
          "start": { "line": 85, "column": 50 },
          "end": { "line": 103, "column": 5 }
        },
        "line": 85
      },
      "12": {
        "name": "(anonymous_12)",
        "decl": {
          "start": { "line": 94, "column": 79 },
          "end": { "line": 94, "column": 80 }
        },
        "loc": {
          "start": { "line": 94, "column": 94 },
          "end": { "line": 96, "column": 9 }
        },
        "line": 94
      },
      "13": {
        "name": "(anonymous_13)",
        "decl": {
          "start": { "line": 97, "column": 82 },
          "end": { "line": 97, "column": 83 }
        },
        "loc": {
          "start": { "line": 97, "column": 97 },
          "end": { "line": 99, "column": 9 }
        },
        "line": 97
      },
      "14": {
        "name": "(anonymous_14)",
        "decl": {
          "start": { "line": 100, "column": 50 },
          "end": { "line": 100, "column": 51 }
        },
        "loc": {
          "start": { "line": 100, "column": 62 },
          "end": { "line": 102, "column": 9 }
        },
        "line": 100
      },
      "15": {
        "name": "(anonymous_15)",
        "decl": {
          "start": { "line": 111, "column": 18 },
          "end": { "line": 111, "column": 19 }
        },
        "loc": {
          "start": { "line": 111, "column": 47 },
          "end": { "line": 129, "column": 1 }
        },
        "line": 111
      },
      "16": {
        "name": "(anonymous_16)",
        "decl": {
          "start": { "line": 112, "column": 23 },
          "end": { "line": 112, "column": 24 }
        },
        "loc": {
          "start": { "line": 112, "column": 50 },
          "end": { "line": 128, "column": 5 }
        },
        "line": 112
      },
      "17": {
        "name": "(anonymous_17)",
        "decl": {
          "start": { "line": 121, "column": 58 },
          "end": { "line": 121, "column": 59 }
        },
        "loc": {
          "start": { "line": 121, "column": 73 },
          "end": { "line": 127, "column": 9 }
        },
        "line": 121
      }
    },
    "branchMap": {
      "0": {
        "loc": {
          "start": { "line": 5, "column": 22 },
          "end": { "line": 7, "column": 1 }
        },
        "type": "binary-expr",
        "locations": [
          {
            "start": { "line": 5, "column": 23 },
            "end": { "line": 5, "column": 27 }
          },
          {
            "start": { "line": 5, "column": 31 },
            "end": { "line": 5, "column": 51 }
          },
          {
            "start": { "line": 5, "column": 56 },
            "end": { "line": 7, "column": 1 }
          }
        ],
        "line": 5
      },
      "1": {
        "loc": {
          "start": { "line": 6, "column": 11 },
          "end": { "line": 6, "column": 61 }
        },
        "type": "cond-expr",
        "locations": [
          {
            "start": { "line": 6, "column": 37 },
            "end": { "line": 6, "column": 40 }
          },
          {
            "start": { "line": 6, "column": 43 },
            "end": { "line": 6, "column": 61 }
          }
        ],
        "line": 6
      },
      "2": {
        "loc": {
          "start": { "line": 6, "column": 12 },
          "end": { "line": 6, "column": 33 }
        },
        "type": "binary-expr",
        "locations": [
          {
            "start": { "line": 6, "column": 12 },
            "end": { "line": 6, "column": 15 }
          },
          {
            "start": { "line": 6, "column": 19 },
            "end": { "line": 6, "column": 33 }
          }
        ],
        "line": 6
      },
      "3": {
        "loc": {
          "start": { "line": 19, "column": 13 },
          "end": { "line": 19, "column": 36 }
        },
        "type": "cond-expr",
        "locations": [
          {
            "start": { "line": 19, "column": 29 },
            "end": { "line": 19, "column": 31 }
          },
          {
            "start": { "line": 19, "column": 34 },
            "end": { "line": 19, "column": 36 }
          }
        ],
        "line": 19
      },
      "4": {
        "loc": {
          "start": { "line": 19, "column": 57 },
          "end": { "line": 19, "column": 82 }
        },
        "type": "cond-expr",
        "locations": [
          {
            "start": { "line": 19, "column": 73 },
            "end": { "line": 19, "column": 77 }
          },
          {
            "start": { "line": 19, "column": 80 },
            "end": { "line": 19, "column": 82 }
          }
        ],
        "line": 19
      },
      "5": {
        "loc": {
          "start": { "line": 19, "column": 115 },
          "end": { "line": 19, "column": 141 }
        },
        "type": "cond-expr",
        "locations": [
          {
            "start": { "line": 19, "column": 131 },
            "end": { "line": 19, "column": 136 }
          },
          {
            "start": { "line": 19, "column": 139 },
            "end": { "line": 19, "column": 141 }
          }
        ],
        "line": 19
      },
      "6": {
        "loc": {
          "start": { "line": 20, "column": 4 },
          "end": { "line": 22, "column": 5 }
        },
        "type": "if",
        "locations": [
          {
            "start": { "line": 20, "column": 4 },
            "end": { "line": 22, "column": 5 }
          },
          {
            "start": { "line": 20, "column": 4 },
            "end": { "line": 22, "column": 5 }
          }
        ],
        "line": 20
      },
      "7": {
        "loc": {
          "start": { "line": 23, "column": 4 },
          "end": { "line": 25, "column": 5 }
        },
        "type": "if",
        "locations": [
          {
            "start": { "line": 23, "column": 4 },
            "end": { "line": 25, "column": 5 }
          },
          {
            "start": { "line": 23, "column": 4 },
            "end": { "line": 25, "column": 5 }
          }
        ],
        "line": 23
      },
      "8": {
        "loc": {
          "start": { "line": 23, "column": 8 },
          "end": { "line": 23, "column": 47 }
        },
        "type": "binary-expr",
        "locations": [
          {
            "start": { "line": 23, "column": 8 },
            "end": { "line": 23, "column": 20 }
          },
          {
            "start": { "line": 23, "column": 24 },
            "end": { "line": 23, "column": 47 }
          }
        ],
        "line": 23
      },
      "9": {
        "loc": {
          "start": { "line": 26, "column": 4 },
          "end": { "line": 28, "column": 5 }
        },
        "type": "if",
        "locations": [
          {
            "start": { "line": 26, "column": 4 },
            "end": { "line": 28, "column": 5 }
          },
          {
            "start": { "line": 26, "column": 4 },
            "end": { "line": 28, "column": 5 }
          }
        ],
        "line": 26
      },
      "10": {
        "loc": {
          "start": { "line": 29, "column": 4 },
          "end": { "line": 31, "column": 5 }
        },
        "type": "if",
        "locations": [
          {
            "start": { "line": 29, "column": 4 },
            "end": { "line": 31, "column": 5 }
          },
          {
            "start": { "line": 29, "column": 4 },
            "end": { "line": 31, "column": 5 }
          }
        ],
        "line": 29
      },
      "11": {
        "loc": {
          "start": { "line": 33, "column": 4 },
          "end": { "line": 41, "column": 5 }
        },
        "type": "if",
        "locations": [
          {
            "start": { "line": 33, "column": 4 },
            "end": { "line": 41, "column": 5 }
          },
          {
            "start": { "line": 33, "column": 4 },
            "end": { "line": 41, "column": 5 }
          }
        ],
        "line": 33
      },
      "12": {
        "loc": {
          "start": { "line": 35, "column": 8 },
          "end": { "line": 38, "column": 9 }
        },
        "type": "if",
        "locations": [
          {
            "start": { "line": 35, "column": 8 },
            "end": { "line": 38, "column": 9 }
          },
          {
            "start": { "line": 35, "column": 8 },
            "end": { "line": 38, "column": 9 }
          }
        ],
        "line": 35
      },
      "13": {
        "loc": {
          "start": { "line": 43, "column": 4 },
          "end": { "line": 51, "column": 5 }
        },
        "type": "if",
        "locations": [
          {
            "start": { "line": 43, "column": 4 },
            "end": { "line": 51, "column": 5 }
          },
          {
            "start": { "line": 43, "column": 4 },
            "end": { "line": 51, "column": 5 }
          }
        ],
        "line": 43
      },
      "14": {
        "loc": {
          "start": { "line": 47, "column": 8 },
          "end": { "line": 49, "column": 9 }
        },
        "type": "if",
        "locations": [
          {
            "start": { "line": 47, "column": 8 },
            "end": { "line": 49, "column": 9 }
          },
          {
            "start": { "line": 47, "column": 8 },
            "end": { "line": 49, "column": 9 }
          }
        ],
        "line": 47
      },
      "15": {
        "loc": {
          "start": { "line": 64, "column": 8 },
          "end": { "line": 67, "column": 9 }
        },
        "type": "if",
        "locations": [
          {
            "start": { "line": 64, "column": 8 },
            "end": { "line": 67, "column": 9 }
          },
          {
            "start": { "line": 64, "column": 8 },
            "end": { "line": 67, "column": 9 }
          }
        ],
        "line": 64
      },
      "16": {
        "loc": {
          "start": { "line": 86, "column": 8 },
          "end": { "line": 89, "column": 9 }
        },
        "type": "if",
        "locations": [
          {
            "start": { "line": 86, "column": 8 },
            "end": { "line": 89, "column": 9 }
          },
          {
            "start": { "line": 86, "column": 8 },
            "end": { "line": 89, "column": 9 }
          }
        ],
        "line": 86
      },
      "17": {
        "loc": {
          "start": { "line": 90, "column": 8 },
          "end": { "line": 93, "column": 9 }
        },
        "type": "if",
        "locations": [
          {
            "start": { "line": 90, "column": 8 },
            "end": { "line": 93, "column": 9 }
          },
          {
            "start": { "line": 90, "column": 8 },
            "end": { "line": 93, "column": 9 }
          }
        ],
        "line": 90
      },
      "18": {
        "loc": {
          "start": { "line": 113, "column": 8 },
          "end": { "line": 116, "column": 9 }
        },
        "type": "if",
        "locations": [
          {
            "start": { "line": 113, "column": 8 },
            "end": { "line": 116, "column": 9 }
          },
          {
            "start": { "line": 113, "column": 8 },
            "end": { "line": 116, "column": 9 }
          }
        ],
        "line": 113
      },
      "19": {
        "loc": {
          "start": { "line": 117, "column": 8 },
          "end": { "line": 120, "column": 9 }
        },
        "type": "if",
        "locations": [
          {
            "start": { "line": 117, "column": 8 },
            "end": { "line": 120, "column": 9 }
          },
          {
            "start": { "line": 117, "column": 8 },
            "end": { "line": 120, "column": 9 }
          }
        ],
        "line": 117
      },
      "20": {
        "loc": {
          "start": { "line": 122, "column": 12 },
          "end": { "line": 125, "column": 13 }
        },
        "type": "if",
        "locations": [
          {
            "start": { "line": 122, "column": 12 },
            "end": { "line": 125, "column": 13 }
          },
          {
            "start": { "line": 122, "column": 12 },
            "end": { "line": 125, "column": 13 }
          }
        ],
        "line": 122
      }
    },
    "s": {
      "0": 1,
      "1": 1,
      "2": 1,
      "3": 1,
      "4": 1,
      "5": 1,
      "6": 1,
      "7": 1,
      "8": 1,
      "9": 1,
      "10": 1,
      "11": 1,
      "12": 0,
      "13": 1,
      "14": 0,
      "15": 1,
      "16": 0,
      "17": 1,
      "18": 0,
      "19": 1,
      "20": 1,
      "21": 1,
      "22": 1,
      "23": 0,
      "24": 0,
      "25": 0,
      "26": 0,
      "27": 0,
      "28": 0,
      "29": 0,
      "30": 0,
      "31": 0,
      "32": 0,
      "33": 0,
      "34": 0,
      "35": 1,
      "36": 1,
      "37": 1,
      "38": 1,
      "39": 0,
      "40": 0,
      "41": 1,
      "42": 1,
      "43": 1,
      "44": 0,
      "45": 1,
      "46": 1,
      "47": 0,
      "48": 0,
      "49": 0,
      "50": 0,
      "51": 0,
      "52": 0,
      "53": 0,
      "54": 0,
      "55": 0,
      "56": 0,
      "57": 0,
      "58": 0,
      "59": 0,
      "60": 1,
      "61": 1,
      "62": 0,
      "63": 0,
      "64": 0,
      "65": 0,
      "66": 0,
      "67": 0,
      "68": 0,
      "69": 0,
      "70": 0,
      "71": 0,
      "72": 0,
      "73": 0,
      "74": 1
    },
    "f": {
      "0": 1,
      "1": 1,
      "2": 0,
      "3": 0,
      "4": 0,
      "5": 0,
      "6": 1,
      "7": 1,
      "8": 1,
      "9": 0,
      "10": 0,
      "11": 0,
      "12": 0,
      "13": 0,
      "14": 0,
      "15": 0,
      "16": 0,
      "17": 0
    },
    "b": {
      "0": [1, 1, 1],
      "1": [0, 1],
      "2": [1, 1],
      "3": [1, 0],
      "4": [1, 0],
      "5": [1, 0],
      "6": [0, 1],
      "7": [0, 1],
      "8": [1, 0],
      "9": [0, 1],
      "10": [0, 1],
      "11": [1, 0],
      "12": [1, 0],
      "13": [0, 0],
      "14": [0, 0],
      "15": [0, 1],
      "16": [0, 0],
      "17": [0, 0],
      "18": [0, 0],
      "19": [0, 0],
      "20": [0, 0]
    },
    "inputSourceMap": {
      "version": 3,
      "file": "/Users/skyler/Sites/helpers.js/src/inputOutput.ts",
      "sources": ["/Users/skyler/Sites/helpers.js/src/inputOutput.ts"],
      "names": [],
      "mappings": ";AAAA;;GAEG;;;;;;AAEH,0CAAoB;AAEpB;;;;;;GAMG;AACH,IAAM,kBAAkB,GAAG,UACzB,GAAW,EACX,EAGoD;QAHpD,qBAGkD,EAAE,KAAA,EAFlD,WAAU,EAAV,GAAG,mBAAG,IAAI,KAAA,EACV,iBAAiB,EAAjB,SAAS,mBAAG,KAAK,KAAA;IAGnB,IAAI,OAAO,GAAG,KAAK,QAAQ,EAAE;QAC3B,MAAM,IAAI,SAAS,CAAC,kCAAkC,CAAC,CAAC;KACzD;IAED,IAAI,GAAG,KAAK,IAAI,IAAI,OAAO,GAAG,KAAK,QAAQ,EAAE;QAC3C,MAAM,IAAI,SAAS,CAAC,kCAAkC,CAAC,CAAC;KACzD;IAED,IAAI,OAAO,SAAS,KAAK,SAAS,EAAE;QAClC,MAAM,IAAI,SAAS,CAAC,yCAAyC,CAAC,CAAC;KAChE;IAED,IAAI,CAAC,YAAE,CAAC,UAAU,CAAC,GAAG,CAAC,EAAE;QACvB,MAAM,IAAI,cAAc,CAAC,2BAA2B,CAAC,CAAC;KACvD;IAED,IAAM,QAAQ,GAAG,YAAE,CAAC,WAAW,CAAC,GAAG,CAAC,CAAC;IAErC,IAAI,CAAC,SAAS,EAAE;QACd,+BAA+B;QAC/B,IAAI,GAAG,KAAK,IAAI,EAAE;YAChB,iCAAiC;YACjC,OAAO,QAAQ,CAAC;SACjB;QACD,2BAA2B;QAC3B,OAAO,QAAQ,CAAC,MAAM,CAAC,UAAC,QAAQ,IAAK,OAAA,QAAQ,CAAC,WAAW,CAAC,GAAG,CAAC,IAAI,CAAC,EAA9B,CAA8B,CAAC,CAAC;KACtE;IAED,yBAAyB;IACzB,IAAI,GAAG,KAAK,IAAI,EAAE;QAChB,wBAAwB;QACxB,IAAM,gBAAc,GAAG,wBAAwB,CAAC;QAChD,IAAM,YAAY,GAAG,QAAQ,CAAC,GAAG,CAAC,UAAC,CAAC,IAAK,OAAA,CAAC,CAAC,KAAK,CAAC,gBAAc,CAAC,EAAvB,CAAuB,CAAC,CAAC;QAClE,IAAI,YAAY,KAAK,IAAI,EAAE;YACzB,OAAO,IAAI,CAAC;SACb;QACD,OAAO,YAAY,CAAC,CAAC,CAAC,CAAC;KACxB;IAED,iDAAiD;IACjD,OAAO,QAAQ;SACZ,MAAM,CAAC,UAAC,QAAQ,IAAK,OAAA,QAAQ,CAAC,WAAW,CAAC,GAAG,CAAC,IAAI,CAAC,EAA9B,CAA8B,CAAC;SACpD,GAAG,CAAC,UAAC,QAAQ,IAAK,OAAA,QAAQ,CAAC,MAAM,CAAC,CAAC,EAAE,QAAQ,CAAC,WAAW,CAAC,GAAG,CAAC,CAAC,EAA7C,CAA6C,CAAC,CAAC;AACtE,CAAC,CAAC;AAgFO,gDAAkB;AA9E3B;;;GAGG;AACH,IAAM,QAAQ,GAAG,UAAC,QAAgB;IAChC,OAAA,IAAI,OAAO,CAAS,UAAC,OAAO,EAAE,MAAM;QAClC,IAAI,OAAO,QAAQ,KAAK,QAAQ,EAAE;YAChC,MAAM,CAAC,IAAI,SAAS,CAAC,uCAAuC,CAAC,CAAC,CAAC;YAC/D,OAAO;SACR;QAED,IAAM,MAAM,GAAG,YAAE,CAAC,gBAAgB,CAAC,QAAQ,CAAC,CAAC;QAC7C,MAAM;aACH,EAAE,CAAC,MAAM,EAAE,UAAC,MAAM;YACjB,OAAO,CAAC,MAAM,CAAC,QAAQ,EAAE,CAAC,CAAC;QAC7B,CAAC,CAAC;aACD,EAAE,CAAC,OAAO,EAAE,UAAC,GAAG;YACf,MAAM,CAAC,GAAG,CAAC,CAAC;QACd,CAAC,CAAC,CAAC;IACP,CAAC,CAAC;AAdF,CAcE,CAAC;AA2DwB,4BAAQ;AAzDrC;;;;GAIG;AACH,IAAM,aAAa,GAAG,UACpB,UAAkB,EAClB,WAAmB;IAEnB,OAAA,IAAI,OAAO,CAAS,UAAC,OAAO,EAAE,MAAM;QAClC,IAAI,OAAO,UAAU,KAAK,QAAQ,EAAE;YAClC,MAAM,CAAC,IAAI,SAAS,CAAC,yCAAyC,CAAC,CAAC,CAAC;YACjE,OAAO;SACR;QACD,IAAI,OAAO,WAAW,KAAK,QAAQ,EAAE;YACnC,MAAM,CAAC,IAAI,SAAS,CAAC,0CAA0C,CAAC,CAAC,CAAC;YAClE,OAAO;SACR;QAED,IAAM,UAAU,GAAG,YAAE,CAAC,gBAAgB,CAAC,UAAU,CAAC,CAAC,EAAE,CAAC,OAAO,EAAE,UAAC,GAAG;YACjE,MAAM,CAAC,GAAG,CAAC,CAAC;QACd,CAAC,CAAC,CAAC;QACH,IAAM,WAAW,GAAG,YAAE,CAAC,iBAAiB,CAAC,WAAW,CAAC,CAAC,EAAE,CAAC,OAAO,EAAE,UAAC,GAAG;YACpE,MAAM,CAAC,GAAG,CAAC,CAAC;QACd,CAAC,CAAC,CAAC;QACH,UAAU,CAAC,IAAI,CAAC,WAAW,CAAC,CAAC,EAAE,CAAC,QAAQ,EAAE;YACxC,OAAO,CACL,uBAAqB,UAAU,kCAA6B,WAAW,MAAG,CAC3E,CAAC;QACJ,CAAC,CAAC,CAAC;IACL,CAAC,CAAC;AArBF,CAqBE,CAAC;AA2BkC,sCAAa;AAzBpD;;;;GAIG;AACH,IAAM,WAAW,GAAG,UAAC,QAAgB,EAAE,OAAe;IACpD,OAAA,IAAI,OAAO,CAAS,UAAC,OAAO,EAAE,MAAM;QAClC,IAAI,OAAO,OAAO,KAAK,QAAQ,EAAE;YAC/B,MAAM,CAAC,IAAI,KAAK,CAAC,sCAAsC,CAAC,CAAC,CAAC;YAC1D,OAAO;SACR;QACD,IAAI,OAAO,QAAQ,KAAK,QAAQ,EAAE;YAChC,MAAM,CAAC,IAAI,KAAK,CAAC,uCAAuC,CAAC,CAAC,CAAC;YAC3D,OAAO;SACR;QAED,YAAE,CAAC,SAAS,CAAC,QAAQ,EAAE,OAAO,EAAE,MAAM,EAAE,UAAC,GAAG;YAC1C,IAAI,GAAG,EAAE;gBACP,MAAM,CAAC,GAAG,CAAC,CAAC;gBACZ,OAAO;aACR;YACD,OAAO,CAAC,2BAAyB,QAAQ,MAAG,CAAC,CAAC;QAChD,CAAC,CAAC,CAAC;IACL,CAAC,CAAC;AAjBF,CAiBE,CAAC;AAEiD,kCAAW",
      "sourcesContent": [
        "/**\n * Input output operations\n */\n\nimport fs from 'fs';\n\n/**\n * Return an array of filenames in a directory.\n * Optionally, you can specific an extension\n * @param dir Path to directory.\n * @param ext (Optional) Filter by file extension.\n * @param removeExt (Optional) Remove the file extension from the filename string.\n */\nconst listFilesInDirSync = (\n  dir: string,\n  {\n    ext = null,\n    removeExt = false,\n  }: { ext?: string | null; removeExt?: boolean } = {}\n): string[] | null => {\n  if (typeof dir !== 'string') {\n    throw new TypeError(\"Argument 'dir' must be a string.\");\n  }\n\n  if (ext !== null && typeof ext !== 'string') {\n    throw new TypeError(\"Argument 'ext' must be a string.\");\n  }\n\n  if (typeof removeExt !== 'boolean') {\n    throw new TypeError(\"Argument 'removeExt' must be a boolean.\");\n  }\n\n  if (!fs.existsSync(dir)) {\n    throw new ReferenceError('Directory does not exist.');\n  }\n\n  const fileList = fs.readdirSync(dir);\n\n  if (!removeExt) {\n    // Don't remove file extensions\n    if (ext === null) {\n      // Don't filter by file extension\n      return fileList;\n    }\n    // Filter by file extension\n    return fileList.filter((fileName) => fileName.lastIndexOf(ext) >= 0);\n  }\n\n  // Remove file extensions\n  if (ext === null) {\n    // Remove all extensions\n    const regexRemoveExt = /^(?:.+?)(?:\\.[^.]*$|$)/;\n    const filteredList = fileList.map((e) => e.match(regexRemoveExt));\n    if (filteredList === null) {\n      return null;\n    }\n    return filteredList[0];\n  }\n\n  // Filter by extension and remove file extensions\n  return fileList\n    .filter((filename) => filename.lastIndexOf(ext) >= 0)\n    .map((fileName) => fileName.substr(0, fileName.lastIndexOf(ext)));\n};\n\n/**\n * Loading a file to stream buffer\n * @param filePath Path to file\n */\nconst loadFile = (filePath: string): Promise<string> =>\n  new Promise<string>((resolve, reject) => {\n    if (typeof filePath !== 'string') {\n      reject(new TypeError(\"Argument 'filePath' must be a string.\"));\n      return;\n    }\n\n    const stream = fs.createReadStream(filePath);\n    stream\n      .on('data', (buffer) => {\n        resolve(buffer.toString());\n      })\n      .on('error', (err) => {\n        reject(err);\n      });\n  });\n\n/**\n * Read a file and write its content to another file\n * @param fileToRead Path to the file to be read\n * @param fileToWrite Path to the file to be written\n */\nconst readPipeWrite = (\n  fileToRead: string,\n  fileToWrite: string\n): Promise<string> =>\n  new Promise<string>((resolve, reject) => {\n    if (typeof fileToRead !== 'string') {\n      reject(new TypeError(\"Argument 'fileToRead' must be a string.\"));\n      return;\n    }\n    if (typeof fileToWrite !== 'string') {\n      reject(new TypeError(\"Argument 'fileToWrite' must be a string.\"));\n      return;\n    }\n\n    const readStream = fs.createReadStream(fileToRead).on('error', (err) => {\n      reject(err);\n    });\n    const writeStream = fs.createWriteStream(fileToWrite).on('error', (err) => {\n      reject(err);\n    });\n    readStream.pipe(writeStream).on('finish', () => {\n      resolve(\n        `Successfully read ${fileToRead} and wrote its content to ${fileToWrite}.`\n      );\n    });\n  });\n\n/**\n * Write content to file\n * @param filePath Path to the file to be written\n * @param content Content to be written\n */\nconst writeToFile = (filePath: string, content: string): Promise<string> =>\n  new Promise<string>((resolve, reject) => {\n    if (typeof content !== 'string') {\n      reject(new Error(\"Argument 'content' must be a string.\"));\n      return;\n    }\n    if (typeof filePath !== 'string') {\n      reject(new Error(\"Argument 'filePath' must be a string.\"));\n      return;\n    }\n\n    fs.writeFile(filePath, content, 'utf8', (err) => {\n      if (err) {\n        reject(err);\n        return;\n      }\n      resolve(`Successfully wrote to ${filePath}.`);\n    });\n  });\n\nexport { listFilesInDirSync, loadFile, readPipeWrite, writeToFile };\n"
      ]
    },
    "_coverageSchema": "1a1c01bbd47fc00a2c39e90264f33305004495a9",
    "hash": "6a5f1a07c772207494f910e173466d6117a3d90d"
  },
  "/Users/skyler/Sites/helpers.js/src/others.ts": {
    "path": "/Users/skyler/Sites/helpers.js/src/others.ts",
    "statementMap": {
      "0": {
        "start": { "line": 5, "column": 21 },
        "end": { "line": 11, "column": 1 }
      },
      "1": {
        "start": { "line": 6, "column": 4 },
        "end": { "line": 6, "column": 88 }
      },
      "2": {
        "start": { "line": 6, "column": 17 },
        "end": { "line": 6, "column": 18 }
      },
      "3": {
        "start": { "line": 6, "column": 24 },
        "end": { "line": 6, "column": 25 }
      },
      "4": {
        "start": { "line": 6, "column": 32 },
        "end": { "line": 6, "column": 48 }
      },
      "5": {
        "start": { "line": 6, "column": 63 },
        "end": { "line": 6, "column": 88 }
      },
      "6": {
        "start": { "line": 7, "column": 4 },
        "end": { "line": 9, "column": 24 }
      },
      "7": {
        "start": { "line": 7, "column": 17 },
        "end": { "line": 7, "column": 25 }
      },
      "8": {
        "start": { "line": 7, "column": 31 },
        "end": { "line": 7, "column": 32 }
      },
      "9": {
        "start": { "line": 7, "column": 38 },
        "end": { "line": 7, "column": 39 }
      },
      "10": {
        "start": { "line": 8, "column": 8 },
        "end": { "line": 9, "column": 24 }
      },
      "11": {
        "start": { "line": 8, "column": 21 },
        "end": { "line": 8, "column": 33 }
      },
      "12": {
        "start": { "line": 8, "column": 39 },
        "end": { "line": 8, "column": 40 }
      },
      "13": {
        "start": { "line": 8, "column": 47 },
        "end": { "line": 8, "column": 55 }
      },
      "14": {
        "start": { "line": 9, "column": 12 },
        "end": { "line": 9, "column": 24 }
      },
      "15": {
        "start": { "line": 10, "column": 4 },
        "end": { "line": 10, "column": 13 }
      },
      "16": {
        "start": { "line": 12, "column": 0 },
        "end": { "line": 12, "column": 62 }
      },
      "17": {
        "start": { "line": 13, "column": 0 },
        "end": { "line": 13, "column": 64 }
      },
      "18": {
        "start": { "line": 23, "column": 23 },
        "end": { "line": 41, "column": 1 }
      },
      "19": {
        "start": { "line": 24, "column": 4 },
        "end": { "line": 24, "column": 41 }
      },
      "20": {
        "start": { "line": 24, "column": 27 },
        "end": { "line": 24, "column": 39 }
      },
      "21": {
        "start": { "line": 25, "column": 4 },
        "end": { "line": 25, "column": 46 }
      },
      "22": {
        "start": { "line": 25, "column": 29 },
        "end": { "line": 25, "column": 44 }
      },
      "23": {
        "start": { "line": 26, "column": 4 },
        "end": { "line": 28, "column": 5 }
      },
      "24": {
        "start": { "line": 27, "column": 8 },
        "end": { "line": 27, "column": 70 }
      },
      "25": {
        "start": { "line": 29, "column": 4 },
        "end": { "line": 33, "column": 5 }
      },
      "26": {
        "start": { "line": 30, "column": 8 },
        "end": { "line": 32, "column": 11 }
      },
      "27": {
        "start": { "line": 31, "column": 12 },
        "end": { "line": 31, "column": 112 }
      },
      "28": {
        "start": { "line": 31, "column": 44 },
        "end": { "line": 31, "column": 108 }
      },
      "29": {
        "start": { "line": 34, "column": 4 },
        "end": { "line": 36, "column": 5 }
      },
      "30": {
        "start": { "line": 35, "column": 8 },
        "end": { "line": 35, "column": 59 }
      },
      "31": {
        "start": { "line": 35, "column": 40 },
        "end": { "line": 35, "column": 55 }
      },
      "32": {
        "start": { "line": 37, "column": 4 },
        "end": { "line": 39, "column": 5 }
      },
      "33": {
        "start": { "line": 38, "column": 8 },
        "end": { "line": 38, "column": 73 }
      },
      "34": {
        "start": { "line": 38, "column": 40 },
        "end": { "line": 38, "column": 69 }
      },
      "35": {
        "start": { "line": 40, "column": 4 },
        "end": { "line": 40, "column": 55 }
      },
      "36": {
        "start": { "line": 40, "column": 36 },
        "end": { "line": 40, "column": 51 }
      },
      "37": {
        "start": { "line": 42, "column": 0 },
        "end": { "line": 42, "column": 44 }
      },
      "38": {
        "start": { "line": 55, "column": 26 },
        "end": { "line": 67, "column": 1 }
      },
      "39": {
        "start": { "line": 56, "column": 12 },
        "end": { "line": 56, "column": 14 }
      },
      "40": {
        "start": { "line": 57, "column": 4 },
        "end": { "line": 59, "column": 5 }
      },
      "41": {
        "start": { "line": 57, "column": 18 },
        "end": { "line": 57, "column": 19 }
      },
      "42": {
        "start": { "line": 58, "column": 8 },
        "end": { "line": 58, "column": 34 }
      },
      "43": {
        "start": { "line": 60, "column": 4 },
        "end": { "line": 62, "column": 5 }
      },
      "44": {
        "start": { "line": 61, "column": 8 },
        "end": { "line": 61, "column": 19 }
      },
      "45": {
        "start": { "line": 63, "column": 4 },
        "end": { "line": 65, "column": 5 }
      },
      "46": {
        "start": { "line": 64, "column": 8 },
        "end": { "line": 64, "column": 25 }
      },
      "47": {
        "start": { "line": 66, "column": 4 },
        "end": { "line": 66, "column": 86 }
      },
      "48": {
        "start": { "line": 68, "column": 0 },
        "end": { "line": 68, "column": 50 }
      }
    },
    "fnMap": {
      "0": {
        "name": "(anonymous_0)",
        "decl": {
          "start": { "line": 5, "column": 54 },
          "end": { "line": 5, "column": 55 }
        },
        "loc": {
          "start": { "line": 5, "column": 66 },
          "end": { "line": 11, "column": 1 }
        },
        "line": 5
      },
      "1": {
        "name": "(anonymous_1)",
        "decl": {
          "start": { "line": 23, "column": 23 },
          "end": { "line": 23, "column": 24 }
        },
        "loc": {
          "start": { "line": 23, "column": 54 },
          "end": { "line": 41, "column": 1 }
        },
        "line": 23
      },
      "2": {
        "name": "(anonymous_2)",
        "decl": {
          "start": { "line": 30, "column": 24 },
          "end": { "line": 30, "column": 25 }
        },
        "loc": {
          "start": { "line": 30, "column": 37 },
          "end": { "line": 32, "column": 9 }
        },
        "line": 30
      },
      "3": {
        "name": "(anonymous_3)",
        "decl": {
          "start": { "line": 31, "column": 29 },
          "end": { "line": 31, "column": 30 }
        },
        "loc": {
          "start": { "line": 31, "column": 42 },
          "end": { "line": 31, "column": 110 }
        },
        "line": 31
      },
      "4": {
        "name": "(anonymous_4)",
        "decl": {
          "start": { "line": 35, "column": 25 },
          "end": { "line": 35, "column": 26 }
        },
        "loc": {
          "start": { "line": 35, "column": 38 },
          "end": { "line": 35, "column": 57 }
        },
        "line": 35
      },
      "5": {
        "name": "(anonymous_5)",
        "decl": {
          "start": { "line": 38, "column": 25 },
          "end": { "line": 38, "column": 26 }
        },
        "loc": {
          "start": { "line": 38, "column": 38 },
          "end": { "line": 38, "column": 71 }
        },
        "line": 38
      },
      "6": {
        "name": "(anonymous_6)",
        "decl": {
          "start": { "line": 40, "column": 21 },
          "end": { "line": 40, "column": 22 }
        },
        "loc": {
          "start": { "line": 40, "column": 34 },
          "end": { "line": 40, "column": 53 }
        },
        "line": 40
      },
      "7": {
        "name": "(anonymous_7)",
        "decl": {
          "start": { "line": 55, "column": 26 },
          "end": { "line": 55, "column": 27 }
        },
        "loc": {
          "start": { "line": 55, "column": 41 },
          "end": { "line": 67, "column": 1 }
        },
        "line": 55
      }
    },
    "branchMap": {
      "0": {
        "loc": {
          "start": { "line": 5, "column": 21 },
          "end": { "line": 11, "column": 1 }
        },
        "type": "binary-expr",
        "locations": [
          {
            "start": { "line": 5, "column": 22 },
            "end": { "line": 5, "column": 26 }
          },
          {
            "start": { "line": 5, "column": 30 },
            "end": { "line": 5, "column": 49 }
          },
          {
            "start": { "line": 5, "column": 54 },
            "end": { "line": 11, "column": 1 }
          }
        ],
        "line": 5
      },
      "1": {
        "loc": {
          "start": { "line": 24, "column": 4 },
          "end": { "line": 24, "column": 41 }
        },
        "type": "if",
        "locations": [
          {
            "start": { "line": 24, "column": 4 },
            "end": { "line": 24, "column": 41 }
          },
          {
            "start": { "line": 24, "column": 4 },
            "end": { "line": 24, "column": 41 }
          }
        ],
        "line": 24
      },
      "2": {
        "loc": {
          "start": { "line": 25, "column": 4 },
          "end": { "line": 25, "column": 46 }
        },
        "type": "if",
        "locations": [
          {
            "start": { "line": 25, "column": 4 },
            "end": { "line": 25, "column": 46 }
          },
          {
            "start": { "line": 25, "column": 4 },
            "end": { "line": 25, "column": 46 }
          }
        ],
        "line": 25
      },
      "3": {
        "loc": {
          "start": { "line": 26, "column": 4 },
          "end": { "line": 28, "column": 5 }
        },
        "type": "if",
        "locations": [
          {
            "start": { "line": 26, "column": 4 },
            "end": { "line": 28, "column": 5 }
          },
          {
            "start": { "line": 26, "column": 4 },
            "end": { "line": 28, "column": 5 }
          }
        ],
        "line": 26
      },
      "4": {
        "loc": {
          "start": { "line": 29, "column": 4 },
          "end": { "line": 33, "column": 5 }
        },
        "type": "if",
        "locations": [
          {
            "start": { "line": 29, "column": 4 },
            "end": { "line": 33, "column": 5 }
          },
          {
            "start": { "line": 29, "column": 4 },
            "end": { "line": 33, "column": 5 }
          }
        ],
        "line": 29
      },
      "5": {
        "loc": {
          "start": { "line": 31, "column": 52 },
          "end": { "line": 31, "column": 106 }
        },
        "type": "cond-expr",
        "locations": [
          {
            "start": { "line": 31, "column": 81 },
            "end": { "line": 31, "column": 99 }
          },
          {
            "start": { "line": 31, "column": 102 },
            "end": { "line": 31, "column": 106 }
          }
        ],
        "line": 31
      },
      "6": {
        "loc": {
          "start": { "line": 31, "column": 52 },
          "end": { "line": 31, "column": 78 }
        },
        "type": "binary-expr",
        "locations": [
          {
            "start": { "line": 31, "column": 52 },
            "end": { "line": 31, "column": 58 }
          },
          {
            "start": { "line": 31, "column": 62 },
            "end": { "line": 31, "column": 78 }
          }
        ],
        "line": 31
      },
      "7": {
        "loc": {
          "start": { "line": 34, "column": 4 },
          "end": { "line": 36, "column": 5 }
        },
        "type": "if",
        "locations": [
          {
            "start": { "line": 34, "column": 4 },
            "end": { "line": 36, "column": 5 }
          },
          {
            "start": { "line": 34, "column": 4 },
            "end": { "line": 36, "column": 5 }
          }
        ],
        "line": 34
      },
      "8": {
        "loc": {
          "start": { "line": 37, "column": 4 },
          "end": { "line": 39, "column": 5 }
        },
        "type": "if",
        "locations": [
          {
            "start": { "line": 37, "column": 4 },
            "end": { "line": 39, "column": 5 }
          },
          {
            "start": { "line": 37, "column": 4 },
            "end": { "line": 39, "column": 5 }
          }
        ],
        "line": 37
      },
      "9": {
        "loc": {
          "start": { "line": 60, "column": 4 },
          "end": { "line": 62, "column": 5 }
        },
        "type": "if",
        "locations": [
          {
            "start": { "line": 60, "column": 4 },
            "end": { "line": 62, "column": 5 }
          },
          {
            "start": { "line": 60, "column": 4 },
            "end": { "line": 62, "column": 5 }
          }
        ],
        "line": 60
      },
      "10": {
        "loc": {
          "start": { "line": 63, "column": 4 },
          "end": { "line": 65, "column": 5 }
        },
        "type": "if",
        "locations": [
          {
            "start": { "line": 63, "column": 4 },
            "end": { "line": 65, "column": 5 }
          },
          {
            "start": { "line": 63, "column": 4 },
            "end": { "line": 65, "column": 5 }
          }
        ],
        "line": 63
      }
    },
    "s": {
      "0": 1,
      "1": 7,
      "2": 7,
      "3": 7,
      "4": 7,
      "5": 14,
      "6": 7,
      "7": 7,
      "8": 7,
      "9": 7,
      "10": 14,
      "11": 14,
      "12": 14,
      "13": 14,
      "14": 23,
      "15": 7,
      "16": 1,
      "17": 1,
      "18": 1,
      "19": 0,
      "20": 0,
      "21": 0,
      "22": 0,
      "23": 0,
      "24": 0,
      "25": 0,
      "26": 0,
      "27": 0,
      "28": 0,
      "29": 0,
      "30": 0,
      "31": 0,
      "32": 0,
      "33": 0,
      "34": 0,
      "35": 0,
      "36": 0,
      "37": 1,
      "38": 1,
      "39": 9,
      "40": 9,
      "41": 9,
      "42": 25,
      "43": 9,
      "44": 0,
      "45": 9,
      "46": 2,
      "47": 7,
      "48": 1
    },
    "f": { "0": 7, "1": 0, "2": 0, "3": 0, "4": 0, "5": 0, "6": 0, "7": 9 },
    "b": {
      "0": [1, 1, 1],
      "1": [0, 0],
      "2": [0, 0],
      "3": [0, 0],
      "4": [0, 0],
      "5": [0, 0],
      "6": [0, 0],
      "7": [0, 0],
      "8": [0, 0],
      "9": [0, 9],
      "10": [2, 7]
    },
    "inputSourceMap": {
      "version": 3,
      "file": "/Users/skyler/Sites/helpers.js/src/others.ts",
      "sources": ["/Users/skyler/Sites/helpers.js/src/others.ts"],
      "names": [],
      "mappings": ";AAAA;;GAEG;;;;;;;;;;AAEH;;;;;;;;GAQG;AACH,IAAM,gBAAgB,GAAG,UACvB,KAA+C,EAC/C,IAA+B,EAC/B,MAAc;IADd,qBAAA,EAAA,WAA+B;IAC/B,uBAAA,EAAA,cAAc;IAEd,IAAI,CAAC,KAAK,CAAC,OAAO,CAAC,KAAK,CAAC,EAAE;QACzB,MAAM,IAAI,SAAS,CAAC,wCAAwC,CAAC,CAAC;KAC/D;IACD,IAAI,KAAK,CAAC,OAAO,CAAC,IAAI,CAAC,EAAE;QACvB,OAAO,IAAI,CAAC,GAAG,CAAC,UAAC,CAAC;YAChB,OAAA,KAAK,CAAC,GAAG,CAAC,UAAC,CAAC,IAAK,OAAA,CAAC,MAAM,IAAI,KAAK,CAAC,OAAO,CAAC,CAAC,CAAC,CAAC,CAAC,CAAC,CAAC,eAAI,CAAC,EAAE,CAAC,CAAC,CAAC,CAAC,CAAC,CAAC,CAAC,EAA7C,CAA6C,CAAC;QAA/D,CAA+D,CAChE,CAAC;KACH;IACD,IAAI,IAAI,KAAK,IAAI,EAAE;QACjB,OAAO,KAAK,CAAC,GAAG,CAAC,UAAC,CAAC,IAAK,OAAA,CAAC,CAAC,IAAI,CAAC,EAAP,CAAO,CAAC,CAAC;KAClC;IACD,IAAI,MAAM,EAAE;QACV,OAAO,KAAK,CAAC,GAAG,CAAC,UAAC,CAAC,IAAK,OAAA,CAAC,eAAI,IAAI,GAAT,CAAU,CAAC,CAAC;KACrC;IACD,OAAO,KAAK,CAAC,GAAG,CAAC,UAAC,CAAC,IAAK,OAAA,CAAC,CAAC,IAAI,CAAC,EAAP,CAAO,CAAC,CAAC;AACnC,CAAC,CAAC;AAwBO,4CAAgB;AAtBzB;;;;;;;;;;;GAWG;AACH,IAAM,mBAAmB,GAAG,UAAC,GAAQ;IAAE,WAAyB;SAAzB,UAAyB,EAAzB,qBAAyB,EAAzB,IAAyB;QAAzB,0BAAyB;;IAC9D,IAAI,CAAC,CAAC,MAAM,KAAK,CAAC,EAAE;QAClB,OAAO,GAAG,CAAC;KACZ;IACD,IAAI,CAAC,CAAC,MAAM,KAAK,CAAC,EAAE;QAClB,OAAO,GAAG,CAAC,CAAC,CAAC,CAAC,CAAC,CAAC,CAAC;KAClB;IACD,OAAO,mBAAmB,+BAAC,GAAG,CAAC,CAAC,CAAC,CAAC,CAAC,CAAC,GAAK,CAAC,CAAC,KAAK,CAAC,CAAC,CAAC,GAAE;AACvD,CAAC,CAAC;AAEyB,kDAAmB",
      "sourcesContent": [
        "/**\n * Helper functions that don't fit into other categories\n */\n\n/**\n * Run an array of functions with the same set of argument(s)\n * @param funcs An array of functions.\n * @param args An array of arguments. Each element of the array will\n * be presented to each function.\n * @param spread If 'args' is an array of arrays, you can choose to\n * expand each sub-array with the spread operator. Default is false.\n * @return\n */\nconst runFuncsWithArgs = (\n  funcs: ((...args: any | any[] | null) => any)[],\n  args: any | any[] | null = null,\n  spread = false\n): any[] => {\n  if (!Array.isArray(funcs)) {\n    throw new TypeError(\"Argument 'funcs' needs to be an array.\");\n  }\n  if (Array.isArray(args)) {\n    return args.map((a) =>\n      funcs.map((f) => (spread && Array.isArray(a) ? f(...a) : f(a)))\n    );\n  }\n  if (args === null) {\n    return funcs.map((f) => f(args));\n  }\n  if (spread) {\n    return funcs.map((f) => f(...args));\n  }\n  return funcs.map((f) => f(args));\n};\n\n/**\n * Returns the value in an array or an object (or you call it JSON, a hash map\n * or a dictionary) provided keys and/or indices pointing to the value.\n * @param obj An array, an object (or you call it JSON, a hash map or a\n * dictionary) or a combination.\n * @param k An arbitrary number of indices and/or keys pointing to the value.\n * For example, if `x = {name: 'Tom'}`, to fetch value `'Tom'`, use\n * `valOfKeysAndIndicies(x, 'name')`.\n * If `y = { key0: [{ key1: [3.142, 6.626,] },] }`, to fetch `6.626`, use\n * `valOfKeysAndIndicies(y, 'key0', 0, 'key', 1)`.\n * @return The value from the given indices/keys.\n */\nconst valOfKeysAndIndices = (obj: any, ...k: (string | number)[]): any => {\n  if (k.length === 0) {\n    return obj;\n  }\n  if (k.length === 1) {\n    return obj[k[0]];\n  }\n  return valOfKeysAndIndices(obj[k[0]], ...k.slice(1));\n};\n\nexport { runFuncsWithArgs, valOfKeysAndIndices };\n"
      ]
    },
    "_coverageSchema": "1a1c01bbd47fc00a2c39e90264f33305004495a9",
    "hash": "97012f5ba6bd85c05f8d6fb6b204d11b732876e1"
  },
  "/Users/skyler/Sites/helpers.js/src/sort.ts": {
    "path": "/Users/skyler/Sites/helpers.js/src/sort.ts",
    "statementMap": {
      "0": {
        "start": { "line": 5, "column": 21 },
        "end": { "line": 11, "column": 1 }
      },
      "1": {
        "start": { "line": 6, "column": 4 },
        "end": { "line": 6, "column": 88 }
      },
      "2": {
        "start": { "line": 6, "column": 17 },
        "end": { "line": 6, "column": 18 }
      },
      "3": {
        "start": { "line": 6, "column": 24 },
        "end": { "line": 6, "column": 25 }
      },
      "4": {
        "start": { "line": 6, "column": 32 },
        "end": { "line": 6, "column": 48 }
      },
      "5": {
        "start": { "line": 6, "column": 63 },
        "end": { "line": 6, "column": 88 }
      },
      "6": {
        "start": { "line": 7, "column": 4 },
        "end": { "line": 9, "column": 24 }
      },
      "7": {
        "start": { "line": 7, "column": 17 },
        "end": { "line": 7, "column": 25 }
      },
      "8": {
        "start": { "line": 7, "column": 31 },
        "end": { "line": 7, "column": 32 }
      },
      "9": {
        "start": { "line": 7, "column": 38 },
        "end": { "line": 7, "column": 39 }
      },
      "10": {
        "start": { "line": 8, "column": 8 },
        "end": { "line": 9, "column": 24 }
      },
      "11": {
        "start": { "line": 8, "column": 21 },
        "end": { "line": 8, "column": 33 }
      },
      "12": {
        "start": { "line": 8, "column": 39 },
        "end": { "line": 8, "column": 40 }
      },
      "13": {
        "start": { "line": 8, "column": 47 },
        "end": { "line": 8, "column": 55 }
      },
      "14": {
        "start": { "line": 9, "column": 12 },
        "end": { "line": 9, "column": 24 }
      },
      "15": {
        "start": { "line": 10, "column": 4 },
        "end": { "line": 10, "column": 13 }
      },
      "16": {
        "start": { "line": 12, "column": 0 },
        "end": { "line": 12, "column": 62 }
      },
      "17": {
        "start": { "line": 13, "column": 0 },
        "end": { "line": 13, "column": 124 }
      },
      "18": {
        "start": { "line": 14, "column": 15 },
        "end": { "line": 14, "column": 34 }
      },
      "19": {
        "start": { "line": 28, "column": 22 },
        "end": { "line": 66, "column": 1 }
      },
      "20": {
        "start": { "line": 29, "column": 13 },
        "end": { "line": 29, "column": 36 }
      },
      "21": {
        "start": { "line": 29, "column": 43 },
        "end": { "line": 29, "column": 49 }
      },
      "22": {
        "start": { "line": 29, "column": 57 },
        "end": { "line": 29, "column": 82 }
      },
      "23": {
        "start": { "line": 29, "column": 89 },
        "end": { "line": 29, "column": 102 }
      },
      "24": {
        "start": { "line": 29, "column": 117 },
        "end": { "line": 29, "column": 143 }
      },
      "25": {
        "start": { "line": 29, "column": 150 },
        "end": { "line": 29, "column": 163 }
      },
      "26": {
        "start": { "line": 29, "column": 178 },
        "end": { "line": 29, "column": 204 }
      },
      "27": {
        "start": { "line": 30, "column": 4 },
        "end": { "line": 65, "column": 6 }
      },
      "28": {
        "start": { "line": 31, "column": 16 },
        "end": { "line": 31, "column": 18 }
      },
      "29": {
        "start": { "line": 32, "column": 16 },
        "end": { "line": 32, "column": 18 }
      },
      "30": {
        "start": { "line": 33, "column": 8 },
        "end": { "line": 47, "column": 9 }
      },
      "31": {
        "start": { "line": 34, "column": 12 },
        "end": { "line": 34, "column": 29 }
      },
      "32": {
        "start": { "line": 35, "column": 12 },
        "end": { "line": 35, "column": 29 }
      },
      "33": {
        "start": { "line": 37, "column": 13 },
        "end": { "line": 47, "column": 9 }
      },
      "34": {
        "start": { "line": 38, "column": 12 },
        "end": { "line": 38, "column": 23 }
      },
      "35": {
        "start": { "line": 39, "column": 12 },
        "end": { "line": 39, "column": 23 }
      },
      "36": {
        "start": { "line": 41, "column": 13 },
        "end": { "line": 47, "column": 9 }
      },
      "37": {
        "start": { "line": 42, "column": 12 },
        "end": { "line": 42, "column": 85 }
      },
      "38": {
        "start": { "line": 43, "column": 12 },
        "end": { "line": 43, "column": 85 }
      },
      "39": {
        "start": { "line": 46, "column": 12 },
        "end": { "line": 46, "column": 55 }
      },
      "40": {
        "start": { "line": 48, "column": 8 },
        "end": { "line": 51, "column": 9 }
      },
      "41": {
        "start": { "line": 49, "column": 12 },
        "end": { "line": 49, "column": 32 }
      },
      "42": {
        "start": { "line": 50, "column": 12 },
        "end": { "line": 50, "column": 32 }
      },
      "43": {
        "start": { "line": 52, "column": 8 },
        "end": { "line": 58, "column": 9 }
      },
      "44": {
        "start": { "line": 53, "column": 12 },
        "end": { "line": 54, "column": 25 }
      },
      "45": {
        "start": { "line": 54, "column": 16 },
        "end": { "line": 54, "column": 25 }
      },
      "46": {
        "start": { "line": 55, "column": 12 },
        "end": { "line": 56, "column": 26 }
      },
      "47": {
        "start": { "line": 56, "column": 16 },
        "end": { "line": 56, "column": 26 }
      },
      "48": {
        "start": { "line": 57, "column": 12 },
        "end": { "line": 57, "column": 21 }
      },
      "49": {
        "start": { "line": 60, "column": 8 },
        "end": { "line": 61, "column": 22 }
      },
      "50": {
        "start": { "line": 61, "column": 12 },
        "end": { "line": 61, "column": 22 }
      },
      "51": {
        "start": { "line": 62, "column": 8 },
        "end": { "line": 63, "column": 21 }
      },
      "52": {
        "start": { "line": 63, "column": 12 },
        "end": { "line": 63, "column": 21 }
      },
      "53": {
        "start": { "line": 64, "column": 8 },
        "end": { "line": 64, "column": 17 }
      },
      "54": {
        "start": { "line": 67, "column": 0 },
        "end": { "line": 67, "column": 42 }
      },
      "55": {
        "start": { "line": 80, "column": 24 },
        "end": { "line": 118, "column": 1 }
      },
      "56": {
        "start": { "line": 81, "column": 13 },
        "end": { "line": 81, "column": 36 }
      },
      "57": {
        "start": { "line": 81, "column": 43 },
        "end": { "line": 81, "column": 49 }
      },
      "58": {
        "start": { "line": 81, "column": 57 },
        "end": { "line": 81, "column": 82 }
      },
      "59": {
        "start": { "line": 81, "column": 89 },
        "end": { "line": 81, "column": 102 }
      },
      "60": {
        "start": { "line": 81, "column": 117 },
        "end": { "line": 81, "column": 143 }
      },
      "61": {
        "start": { "line": 81, "column": 150 },
        "end": { "line": 81, "column": 163 }
      },
      "62": {
        "start": { "line": 81, "column": 178 },
        "end": { "line": 81, "column": 204 }
      },
      "63": {
        "start": { "line": 82, "column": 4 },
        "end": { "line": 117, "column": 6 }
      },
      "64": {
        "start": { "line": 85, "column": 8 },
        "end": { "line": 99, "column": 9 }
      },
      "65": {
        "start": { "line": 86, "column": 12 },
        "end": { "line": 86, "column": 18 }
      },
      "66": {
        "start": { "line": 87, "column": 12 },
        "end": { "line": 87, "column": 18 }
      },
      "67": {
        "start": { "line": 89, "column": 13 },
        "end": { "line": 99, "column": 9 }
      },
      "68": {
        "start": { "line": 90, "column": 12 },
        "end": { "line": 90, "column": 23 }
      },
      "69": {
        "start": { "line": 91, "column": 12 },
        "end": { "line": 91, "column": 23 }
      },
      "70": {
        "start": { "line": 93, "column": 13 },
        "end": { "line": 99, "column": 9 }
      },
      "71": {
        "start": { "line": 94, "column": 12 },
        "end": { "line": 94, "column": 85 }
      },
      "72": {
        "start": { "line": 95, "column": 12 },
        "end": { "line": 95, "column": 85 }
      },
      "73": {
        "start": { "line": 98, "column": 12 },
        "end": { "line": 98, "column": 55 }
      },
      "74": {
        "start": { "line": 100, "column": 8 },
        "end": { "line": 103, "column": 9 }
      },
      "75": {
        "start": { "line": 101, "column": 12 },
        "end": { "line": 101, "column": 28 }
      },
      "76": {
        "start": { "line": 102, "column": 12 },
        "end": { "line": 102, "column": 28 }
      },
      "77": {
        "start": { "line": 104, "column": 8 },
        "end": { "line": 110, "column": 9 }
      },
      "78": {
        "start": { "line": 105, "column": 12 },
        "end": { "line": 106, "column": 25 }
      },
      "79": {
        "start": { "line": 106, "column": 16 },
        "end": { "line": 106, "column": 25 }
      },
      "80": {
        "start": { "line": 107, "column": 12 },
        "end": { "line": 108, "column": 26 }
      },
      "81": {
        "start": { "line": 108, "column": 16 },
        "end": { "line": 108, "column": 26 }
      },
      "82": {
        "start": { "line": 109, "column": 12 },
        "end": { "line": 109, "column": 21 }
      },
      "83": {
        "start": { "line": 112, "column": 8 },
        "end": { "line": 113, "column": 22 }
      },
      "84": {
        "start": { "line": 113, "column": 12 },
        "end": { "line": 113, "column": 22 }
      },
      "85": {
        "start": { "line": 114, "column": 8 },
        "end": { "line": 115, "column": 21 }
      },
      "86": {
        "start": { "line": 115, "column": 12 },
        "end": { "line": 115, "column": 21 }
      },
      "87": {
        "start": { "line": 116, "column": 8 },
        "end": { "line": 116, "column": 17 }
      },
      "88": {
        "start": { "line": 119, "column": 0 },
        "end": { "line": 119, "column": 46 }
      },
      "89": {
        "start": { "line": 129, "column": 17 },
        "end": { "line": 148, "column": 1 }
      },
      "90": {
        "start": { "line": 130, "column": 4 },
        "end": { "line": 130, "column": 68 }
      },
      "91": {
        "start": { "line": 130, "column": 33 },
        "end": { "line": 130, "column": 66 }
      },
      "92": {
        "start": { "line": 131, "column": 4 },
        "end": { "line": 131, "column": 35 }
      },
      "93": {
        "start": { "line": 131, "column": 24 },
        "end": { "line": 131, "column": 33 }
      },
      "94": {
        "start": { "line": 132, "column": 14 },
        "end": { "line": 132, "column": 26 }
      },
      "95": {
        "start": { "line": 133, "column": 14 },
        "end": { "line": 133, "column": 24 }
      },
      "96": {
        "start": { "line": 134, "column": 4 },
        "end": { "line": 146, "column": 5 }
      },
      "97": {
        "start": { "line": 134, "column": 21 },
        "end": { "line": 134, "column": 22 }
      },
      "98": {
        "start": { "line": 135, "column": 8 },
        "end": { "line": 142, "column": 9 }
      },
      "99": {
        "start": { "line": 135, "column": 21 },
        "end": { "line": 135, "column": 28 }
      },
      "100": {
        "start": { "line": 136, "column": 22 },
        "end": { "line": 136, "column": 52 }
      },
      "101": {
        "start": { "line": 137, "column": 12 },
        "end": { "line": 141, "column": 13 }
      },
      "102": {
        "start": { "line": 138, "column": 27 },
        "end": { "line": 138, "column": 33 }
      },
      "103": {
        "start": { "line": 139, "column": 16 },
        "end": { "line": 139, "column": 36 }
      },
      "104": {
        "start": { "line": 140, "column": 16 },
        "end": { "line": 140, "column": 34 }
      },
      "105": {
        "start": { "line": 143, "column": 8 },
        "end": { "line": 145, "column": 9 }
      },
      "106": {
        "start": { "line": 144, "column": 12 },
        "end": { "line": 144, "column": 23 }
      },
      "107": {
        "start": { "line": 147, "column": 4 },
        "end": { "line": 147, "column": 15 }
      },
      "108": {
        "start": { "line": 149, "column": 0 },
        "end": { "line": 149, "column": 32 }
      },
      "109": {
        "start": { "line": 157, "column": 16 },
        "end": { "line": 180, "column": 1 }
      },
      "110": {
        "start": { "line": 158, "column": 4 },
        "end": { "line": 158, "column": 68 }
      },
      "111": {
        "start": { "line": 158, "column": 33 },
        "end": { "line": 158, "column": 66 }
      },
      "112": {
        "start": { "line": 159, "column": 4 },
        "end": { "line": 178, "column": 5 }
      },
      "113": {
        "start": { "line": 160, "column": 18 },
        "end": { "line": 160, "column": 44 }
      },
      "114": {
        "start": { "line": 161, "column": 22 },
        "end": { "line": 161, "column": 62 }
      },
      "115": {
        "start": { "line": 162, "column": 23 },
        "end": { "line": 162, "column": 60 }
      },
      "116": {
        "start": { "line": 163, "column": 24 },
        "end": { "line": 163, "column": 26 }
      },
      "117": {
        "start": { "line": 164, "column": 17 },
        "end": { "line": 164, "column": 18 }
      },
      "118": {
        "start": { "line": 165, "column": 17 },
        "end": { "line": 165, "column": 18 }
      },
      "119": {
        "start": { "line": 166, "column": 8 },
        "end": { "line": 176, "column": 9 }
      },
      "120": {
        "start": { "line": 167, "column": 22 },
        "end": { "line": 167, "column": 59 }
      },
      "121": {
        "start": { "line": 168, "column": 12 },
        "end": { "line": 175, "column": 13 }
      },
      "122": {
        "start": { "line": 169, "column": 16 },
        "end": { "line": 169, "column": 45 }
      },
      "123": {
        "start": { "line": 170, "column": 16 },
        "end": { "line": 170, "column": 24 }
      },
      "124": {
        "start": { "line": 173, "column": 16 },
        "end": { "line": 173, "column": 44 }
      },
      "125": {
        "start": { "line": 174, "column": 16 },
        "end": { "line": 174, "column": 24 }
      },
      "126": {
        "start": { "line": 177, "column": 8 },
        "end": { "line": 177, "column": 78 }
      },
      "127": {
        "start": { "line": 179, "column": 4 },
        "end": { "line": 179, "column": 15 }
      },
      "128": {
        "start": { "line": 181, "column": 0 },
        "end": { "line": 181, "column": 30 }
      },
      "129": {
        "start": { "line": 195, "column": 18 },
        "end": { "line": 201, "column": 1 }
      },
      "130": {
        "start": { "line": 198, "column": 4 },
        "end": { "line": 198, "column": 68 }
      },
      "131": {
        "start": { "line": 198, "column": 33 },
        "end": { "line": 198, "column": 66 }
      },
      "132": {
        "start": { "line": 199, "column": 4 },
        "end": { "line": 199, "column": 35 }
      },
      "133": {
        "start": { "line": 199, "column": 24 },
        "end": { "line": 199, "column": 33 }
      },
      "134": {
        "start": { "line": 200, "column": 4 },
        "end": { "line": 200, "column": 42 }
      },
      "135": {
        "start": { "line": 202, "column": 0 },
        "end": { "line": 202, "column": 34 }
      }
    },
    "fnMap": {
      "0": {
        "name": "(anonymous_0)",
        "decl": {
          "start": { "line": 5, "column": 54 },
          "end": { "line": 5, "column": 55 }
        },
        "loc": {
          "start": { "line": 5, "column": 66 },
          "end": { "line": 11, "column": 1 }
        },
        "line": 5
      },
      "1": {
        "name": "(anonymous_1)",
        "decl": {
          "start": { "line": 28, "column": 22 },
          "end": { "line": 28, "column": 23 }
        },
        "loc": {
          "start": { "line": 28, "column": 36 },
          "end": { "line": 66, "column": 1 }
        },
        "line": 28
      },
      "2": {
        "name": "(anonymous_2)",
        "decl": {
          "start": { "line": 30, "column": 11 },
          "end": { "line": 30, "column": 12 }
        },
        "loc": {
          "start": { "line": 30, "column": 27 },
          "end": { "line": 65, "column": 5 }
        },
        "line": 30
      },
      "3": {
        "name": "(anonymous_3)",
        "decl": {
          "start": { "line": 80, "column": 24 },
          "end": { "line": 80, "column": 25 }
        },
        "loc": {
          "start": { "line": 80, "column": 38 },
          "end": { "line": 118, "column": 1 }
        },
        "line": 80
      },
      "4": {
        "name": "(anonymous_4)",
        "decl": {
          "start": { "line": 82, "column": 11 },
          "end": { "line": 82, "column": 12 }
        },
        "loc": {
          "start": { "line": 82, "column": 27 },
          "end": { "line": 117, "column": 5 }
        },
        "line": 82
      },
      "5": {
        "name": "(anonymous_5)",
        "decl": {
          "start": { "line": 129, "column": 17 },
          "end": { "line": 129, "column": 18 }
        },
        "loc": {
          "start": { "line": 129, "column": 47 },
          "end": { "line": 148, "column": 1 }
        },
        "line": 129
      },
      "6": {
        "name": "(anonymous_6)",
        "decl": {
          "start": { "line": 157, "column": 16 },
          "end": { "line": 157, "column": 17 }
        },
        "loc": {
          "start": { "line": 157, "column": 43 },
          "end": { "line": 180, "column": 1 }
        },
        "line": 157
      },
      "7": {
        "name": "(anonymous_7)",
        "decl": {
          "start": { "line": 195, "column": 18 },
          "end": { "line": 195, "column": 19 }
        },
        "loc": {
          "start": { "line": 195, "column": 48 },
          "end": { "line": 201, "column": 1 }
        },
        "line": 195
      }
    },
    "branchMap": {
      "0": {
        "loc": {
          "start": { "line": 5, "column": 21 },
          "end": { "line": 11, "column": 1 }
        },
        "type": "binary-expr",
        "locations": [
          {
            "start": { "line": 5, "column": 22 },
            "end": { "line": 5, "column": 26 }
          },
          {
            "start": { "line": 5, "column": 30 },
            "end": { "line": 5, "column": 49 }
          },
          {
            "start": { "line": 5, "column": 54 },
            "end": { "line": 11, "column": 1 }
          }
        ],
        "line": 5
      },
      "1": {
        "loc": {
          "start": { "line": 29, "column": 13 },
          "end": { "line": 29, "column": 36 }
        },
        "type": "cond-expr",
        "locations": [
          {
            "start": { "line": 29, "column": 29 },
            "end": { "line": 29, "column": 31 }
          },
          {
            "start": { "line": 29, "column": 34 },
            "end": { "line": 29, "column": 36 }
          }
        ],
        "line": 29
      },
      "2": {
        "loc": {
          "start": { "line": 29, "column": 57 },
          "end": { "line": 29, "column": 82 }
        },
        "type": "cond-expr",
        "locations": [
          {
            "start": { "line": 29, "column": 73 },
            "end": { "line": 29, "column": 77 }
          },
          {
            "start": { "line": 29, "column": 80 },
            "end": { "line": 29, "column": 82 }
          }
        ],
        "line": 29
      },
      "3": {
        "loc": {
          "start": { "line": 29, "column": 117 },
          "end": { "line": 29, "column": 143 }
        },
        "type": "cond-expr",
        "locations": [
          {
            "start": { "line": 29, "column": 133 },
            "end": { "line": 29, "column": 138 }
          },
          {
            "start": { "line": 29, "column": 141 },
            "end": { "line": 29, "column": 143 }
          }
        ],
        "line": 29
      },
      "4": {
        "loc": {
          "start": { "line": 29, "column": 178 },
          "end": { "line": 29, "column": 204 }
        },
        "type": "cond-expr",
        "locations": [
          {
            "start": { "line": 29, "column": 194 },
            "end": { "line": 29, "column": 199 }
          },
          {
            "start": { "line": 29, "column": 202 },
            "end": { "line": 29, "column": 204 }
          }
        ],
        "line": 29
      },
      "5": {
        "loc": {
          "start": { "line": 33, "column": 8 },
          "end": { "line": 47, "column": 9 }
        },
        "type": "if",
        "locations": [
          {
            "start": { "line": 33, "column": 8 },
            "end": { "line": 47, "column": 9 }
          },
          {
            "start": { "line": 33, "column": 8 },
            "end": { "line": 47, "column": 9 }
          }
        ],
        "line": 33
      },
      "6": {
        "loc": {
          "start": { "line": 37, "column": 13 },
          "end": { "line": 47, "column": 9 }
        },
        "type": "if",
        "locations": [
          {
            "start": { "line": 37, "column": 13 },
            "end": { "line": 47, "column": 9 }
          },
          {
            "start": { "line": 37, "column": 13 },
            "end": { "line": 47, "column": 9 }
          }
        ],
        "line": 37
      },
      "7": {
        "loc": {
          "start": { "line": 37, "column": 17 },
          "end": { "line": 37, "column": 67 }
        },
        "type": "binary-expr",
        "locations": [
          {
            "start": { "line": 37, "column": 17 },
            "end": { "line": 37, "column": 40 }
          },
          {
            "start": { "line": 37, "column": 44 },
            "end": { "line": 37, "column": 67 }
          }
        ],
        "line": 37
      },
      "8": {
        "loc": {
          "start": { "line": 41, "column": 13 },
          "end": { "line": 47, "column": 9 }
        },
        "type": "if",
        "locations": [
          {
            "start": { "line": 41, "column": 13 },
            "end": { "line": 47, "column": 9 }
          },
          {
            "start": { "line": 41, "column": 13 },
            "end": { "line": 47, "column": 9 }
          }
        ],
        "line": 41
      },
      "9": {
        "loc": {
          "start": { "line": 48, "column": 8 },
          "end": { "line": 51, "column": 9 }
        },
        "type": "if",
        "locations": [
          {
            "start": { "line": 48, "column": 8 },
            "end": { "line": 51, "column": 9 }
          },
          {
            "start": { "line": 48, "column": 8 },
            "end": { "line": 51, "column": 9 }
          }
        ],
        "line": 48
      },
      "10": {
        "loc": {
          "start": { "line": 52, "column": 8 },
          "end": { "line": 58, "column": 9 }
        },
        "type": "if",
        "locations": [
          {
            "start": { "line": 52, "column": 8 },
            "end": { "line": 58, "column": 9 }
          },
          {
            "start": { "line": 52, "column": 8 },
            "end": { "line": 58, "column": 9 }
          }
        ],
        "line": 52
      },
      "11": {
        "loc": {
          "start": { "line": 53, "column": 12 },
          "end": { "line": 54, "column": 25 }
        },
        "type": "if",
        "locations": [
          {
            "start": { "line": 53, "column": 12 },
            "end": { "line": 54, "column": 25 }
          },
          {
            "start": { "line": 53, "column": 12 },
            "end": { "line": 54, "column": 25 }
          }
        ],
        "line": 53
      },
      "12": {
        "loc": {
          "start": { "line": 55, "column": 12 },
          "end": { "line": 56, "column": 26 }
        },
        "type": "if",
        "locations": [
          {
            "start": { "line": 55, "column": 12 },
            "end": { "line": 56, "column": 26 }
          },
          {
            "start": { "line": 55, "column": 12 },
            "end": { "line": 56, "column": 26 }
          }
        ],
        "line": 55
      },
      "13": {
        "loc": {
          "start": { "line": 60, "column": 8 },
          "end": { "line": 61, "column": 22 }
        },
        "type": "if",
        "locations": [
          {
            "start": { "line": 60, "column": 8 },
            "end": { "line": 61, "column": 22 }
          },
          {
            "start": { "line": 60, "column": 8 },
            "end": { "line": 61, "column": 22 }
          }
        ],
        "line": 60
      },
      "14": {
        "loc": {
          "start": { "line": 62, "column": 8 },
          "end": { "line": 63, "column": 21 }
        },
        "type": "if",
        "locations": [
          {
            "start": { "line": 62, "column": 8 },
            "end": { "line": 63, "column": 21 }
          },
          {
            "start": { "line": 62, "column": 8 },
            "end": { "line": 63, "column": 21 }
          }
        ],
        "line": 62
      },
      "15": {
        "loc": {
          "start": { "line": 81, "column": 13 },
          "end": { "line": 81, "column": 36 }
        },
        "type": "cond-expr",
        "locations": [
          {
            "start": { "line": 81, "column": 29 },
            "end": { "line": 81, "column": 31 }
          },
          {
            "start": { "line": 81, "column": 34 },
            "end": { "line": 81, "column": 36 }
          }
        ],
        "line": 81
      },
      "16": {
        "loc": {
          "start": { "line": 81, "column": 57 },
          "end": { "line": 81, "column": 82 }
        },
        "type": "cond-expr",
        "locations": [
          {
            "start": { "line": 81, "column": 73 },
            "end": { "line": 81, "column": 77 }
          },
          {
            "start": { "line": 81, "column": 80 },
            "end": { "line": 81, "column": 82 }
          }
        ],
        "line": 81
      },
      "17": {
        "loc": {
          "start": { "line": 81, "column": 117 },
          "end": { "line": 81, "column": 143 }
        },
        "type": "cond-expr",
        "locations": [
          {
            "start": { "line": 81, "column": 133 },
            "end": { "line": 81, "column": 138 }
          },
          {
            "start": { "line": 81, "column": 141 },
            "end": { "line": 81, "column": 143 }
          }
        ],
        "line": 81
      },
      "18": {
        "loc": {
          "start": { "line": 81, "column": 178 },
          "end": { "line": 81, "column": 204 }
        },
        "type": "cond-expr",
        "locations": [
          {
            "start": { "line": 81, "column": 194 },
            "end": { "line": 81, "column": 199 }
          },
          {
            "start": { "line": 81, "column": 202 },
            "end": { "line": 81, "column": 204 }
          }
        ],
        "line": 81
      },
      "19": {
        "loc": {
          "start": { "line": 85, "column": 8 },
          "end": { "line": 99, "column": 9 }
        },
        "type": "if",
        "locations": [
          {
            "start": { "line": 85, "column": 8 },
            "end": { "line": 99, "column": 9 }
          },
          {
            "start": { "line": 85, "column": 8 },
            "end": { "line": 99, "column": 9 }
[...]
            "end": { "line": 108, "column": 26 }
          },
          {
            "start": { "line": 107, "column": 12 },
            "end": { "line": 108, "column": 26 }
          }
        ],
        "line": 107
      },
      "27": {
        "loc": {
          "start": { "line": 112, "column": 8 },
          "end": { "line": 113, "column": 22 }
        },
        "type": "if",
        "locations": [
          {
            "start": { "line": 112, "column": 8 },
            "end": { "line": 113, "column": 22 }
          },
          {
            "start": { "line": 112, "column": 8 },
            "end": { "line": 113, "column": 22 }
          }
        ],
        "line": 112
      },
      "28": {
        "loc": {
          "start": { "line": 114, "column": 8 },
          "end": { "line": 115, "column": 21 }
        },
        "type": "if",
        "locations": [
          {
            "start": { "line": 114, "column": 8 },
            "end": { "line": 115, "column": 21 }
          },
          {
            "start": { "line": 114, "column": 8 },
            "end": { "line": 115, "column": 21 }
          }
        ],
        "line": 114
      },
      "29": {
        "loc": {
          "start": { "line": 130, "column": 4 },
          "end": { "line": 130, "column": 68 }
        },
        "type": "if",
        "locations": [
          {
            "start": { "line": 130, "column": 4 },
            "end": { "line": 130, "column": 68 }
          },
          {
            "start": { "line": 130, "column": 4 },
            "end": { "line": 130, "column": 68 }
          }
        ],
        "line": 130
      },
      "30": {
        "loc": {
          "start": { "line": 131, "column": 4 },
          "end": { "line": 131, "column": 35 }
        },
        "type": "if",
        "locations": [
          {
            "start": { "line": 131, "column": 4 },
            "end": { "line": 131, "column": 35 }
          },
          {
            "start": { "line": 131, "column": 4 },
            "end": { "line": 131, "column": 35 }
          }
        ],
        "line": 131
      },
      "31": {
        "loc": {
          "start": { "line": 137, "column": 12 },
          "end": { "line": 141, "column": 13 }
        },
        "type": "if",
        "locations": [
          {
            "start": { "line": 137, "column": 12 },
            "end": { "line": 141, "column": 13 }
          },
          {
            "start": { "line": 137, "column": 12 },
            "end": { "line": 141, "column": 13 }
          }
        ],
        "line": 137
      },
      "32": {
        "loc": {
          "start": { "line": 143, "column": 8 },
          "end": { "line": 145, "column": 9 }
        },
        "type": "if",
        "locations": [
          {
            "start": { "line": 143, "column": 8 },
            "end": { "line": 145, "column": 9 }
          },
          {
            "start": { "line": 143, "column": 8 },
            "end": { "line": 145, "column": 9 }
          }
        ],
        "line": 143
      },
      "33": {
        "loc": {
          "start": { "line": 143, "column": 12 },
          "end": { "line": 143, "column": 41 }
        },
        "type": "binary-expr",
        "locations": [
          {
            "start": { "line": 143, "column": 12 },
            "end": { "line": 143, "column": 22 }
          },
          {
            "start": { "line": 143, "column": 26 },
            "end": { "line": 143, "column": 41 }
          }
        ],
        "line": 143
      },
      "34": {
        "loc": {
          "start": { "line": 158, "column": 4 },
          "end": { "line": 158, "column": 68 }
        },
        "type": "if",
        "locations": [
          {
            "start": { "line": 158, "column": 4 },
            "end": { "line": 158, "column": 68 }
          },
          {
            "start": { "line": 158, "column": 4 },
            "end": { "line": 158, "column": 68 }
          }
        ],
        "line": 158
      },
      "35": {
        "loc": {
          "start": { "line": 159, "column": 4 },
          "end": { "line": 178, "column": 5 }
        },
        "type": "if",
        "locations": [
          {
            "start": { "line": 159, "column": 4 },
            "end": { "line": 178, "column": 5 }
          },
          {
            "start": { "line": 159, "column": 4 },
            "end": { "line": 178, "column": 5 }
          }
        ],
        "line": 159
      },
      "36": {
        "loc": {
          "start": { "line": 166, "column": 15 },
          "end": { "line": 166, "column": 58 }
        },
        "type": "binary-expr",
        "locations": [
          {
            "start": { "line": 166, "column": 15 },
            "end": { "line": 166, "column": 34 }
          },
          {
            "start": { "line": 166, "column": 38 },
            "end": { "line": 166, "column": 58 }
          }
        ],
        "line": 166
      },
      "37": {
        "loc": {
          "start": { "line": 168, "column": 12 },
          "end": { "line": 175, "column": 13 }
        },
        "type": "if",
        "locations": [
          {
            "start": { "line": 168, "column": 12 },
            "end": { "line": 175, "column": 13 }
          },
          {
            "start": { "line": 168, "column": 12 },
            "end": { "line": 175, "column": 13 }
          }
        ],
        "line": 168
      },
      "38": {
        "loc": {
          "start": { "line": 198, "column": 4 },
          "end": { "line": 198, "column": 68 }
        },
        "type": "if",
        "locations": [
          {
            "start": { "line": 198, "column": 4 },
            "end": { "line": 198, "column": 68 }
          },
          {
            "start": { "line": 198, "column": 4 },
            "end": { "line": 198, "column": 68 }
          }
        ],
        "line": 198
      },
      "39": {
        "loc": {
          "start": { "line": 199, "column": 4 },
          "end": { "line": 199, "column": 35 }
        },
        "type": "if",
        "locations": [
          {
            "start": { "line": 199, "column": 4 },
            "end": { "line": 199, "column": 35 }
          },
          {
            "start": { "line": 199, "column": 4 },
            "end": { "line": 199, "column": 35 }
          }
        ],
        "line": 199
      }
    },
    "s": {
      "0": 1,
      "1": 0,
      "2": 0,
      "3": 0,
      "4": 0,
      "5": 0,
      "6": 0,
      "7": 0,
      "8": 0,
      "9": 0,
      "10": 0,
      "11": 0,
      "12": 0,
      "13": 0,
      "14": 0,
      "15": 0,
      "16": 1,
      "17": 1,
      "18": 1,
      "19": 1,
      "20": 8,
      "21": 8,
      "22": 8,
      "23": 8,
      "24": 8,
      "25": 8,
      "26": 8,
      "27": 8,
      "28": 68,
      "29": 68,
      "30": 68,
      "31": 68,
      "32": 68,
      "33": 0,
      "34": 0,
      "35": 0,
      "36": 0,
      "37": 0,
      "38": 0,
      "39": 0,
      "40": 68,
      "41": 55,
      "42": 55,
      "43": 68,
      "44": 34,
      "45": 8,
      "46": 26,
      "47": 20,
      "48": 6,
      "49": 34,
      "50": 7,
      "51": 27,
      "52": 25,
      "53": 2,
      "54": 1,
      "55": 1,
      "56": 6,
      "57": 6,
      "58": 6,
      "59": 6,
      "60": 6,
      "61": 6,
      "62": 6,
      "63": 6,
      "64": 114,
      "65": 114,
      "66": 114,
      "67": 0,
      "68": 0,
      "69": 0,
      "70": 0,
      "71": 0,
      "72": 0,
      "73": 0,
      "74": 114,
      "75": 0,
      "76": 0,
      "77": 114,
      "78": 58,
      "79": 24,
      "80": 34,
      "81": 32,
      "82": 2,
      "83": 56,
      "84": 18,
      "85": 38,
      "86": 36,
      "87": 2,
      "88": 1,
      "89": 1,
      "90": 8,
      "91": 0,
      "92": 8,
      "93": 6,
      "94": 8,
      "95": 8,
      "96": 8,
      "97": 8,
      "98": 40,
      "99": 40,
      "100": 124,
      "101": 124,
      "102": 65,
      "103": 65,
      "104": 65,
      "105": 40,
      "106": 2,
      "107": 6,
      "108": 1,
      "109": 1,
      "110": 66,
      "111": 0,
      "112": 66,
      "113": 30,
      "114": 30,
      "115": 30,
      "116": 30,
      "117": 30,
      "118": 30,
      "119": 30,
      "120": 58,
      "121": 58,
      "122": 28,
      "123": 28,
      "124": 30,
      "125": 30,
      "126": 30,
      "127": 36,
      "128": 1,
      "129": 1,
      "130": 2,
      "131": 0,
      "132": 2,
      "133": 0,
      "134": 2,
      "135": 1
    },
    "f": { "0": 0, "1": 8, "2": 68, "3": 6, "4": 114, "5": 8, "6": 66, "7": 2 },
    "b": {
      "0": [1, 1, 1],
      "1": [2, 6],
      "2": [8, 0],
      "3": [2, 6],
      "4": [4, 4],
      "5": [68, 0],
      "6": [0, 0],
      "7": [0, 0],
      "8": [0, 0],
      "9": [55, 13],
      "10": [34, 34],
      "11": [8, 26],
      "12": [20, 6],
      "13": [7, 27],
      "14": [25, 2],
      "15": [3, 3],
      "16": [6, 0],
      "17": [6, 0],
      "18": [3, 3],
      "19": [114, 0],
      "20": [0, 0],
      "21": [0, 0],
      "22": [0, 0],
      "23": [0, 114],
      "24": [58, 56],
      "25": [24, 34],
      "26": [32, 2],
      "27": [18, 38],
      "28": [36, 2],
      "29": [0, 8],
      "30": [6, 2],
      "31": [65, 59],
      "32": [2, 38],
      "33": [40, 4],
      "34": [0, 66],
      "35": [30, 36],
      "36": [88, 70],
      "37": [28, 30],
      "38": [0, 2],
      "39": [0, 2]
    },
    "inputSourceMap": {
      "version": 3,
      "file": "/Users/skyler/Sites/helpers.js/src/sort.ts",
      "sources": ["/Users/skyler/Sites/helpers.js/src/sort.ts"],
      "names": [],
      "mappings": ";AAAA;;GAEG;;;;;;;;;;AAEH,mCAA+C;AAE/C;;;;;;;;;;;;GAYG;AACH,IAAM,eAAe,GAAG,UAAC,EAQnB;QARmB,qBAQrB,EAAE,KAAA,EAPJ,WAAU,EAAV,GAAG,mBAAG,IAAI,KAAA,EACV,kBAAkB,EAAlB,UAAU,mBAAG,KAAK,KAAA,EAClB,kBAAkB,EAAlB,UAAU,mBAAG,KAAK,KAAA;IAKT,OAAA,UAAC,CAAM,EAAE,CAAM;QACxB,IAAI,CAAC,GAAG,EAAE,CAAC;QACX,IAAI,CAAC,GAAG,EAAE,CAAC;QAEX,IAAI,GAAG,KAAK,IAAI,EAAE;YAChB,CAAC,GAAG,CAAC,CAAC,QAAQ,EAAE,CAAC;YACjB,CAAC,GAAG,CAAC,CAAC,QAAQ,EAAE,CAAC;SAClB;aAAM,IAAI,OAAO,GAAG,KAAK,QAAQ,IAAI,OAAO,GAAG,KAAK,QAAQ,EAAE;YAC7D,CAAC,GAAG,CAAC,CAAC,GAAG,CAAC,CAAC;YACX,CAAC,GAAG,CAAC,CAAC,GAAG,CAAC,CAAC;SACZ;aAAM,IAAI,KAAK,CAAC,OAAO,CAAC,GAAG,CAAC,EAAE;YAC7B,CAAC,GAAG,4BAAmB,+BAAC,CAAC,GAAK,GAAG,EAAC,CAAC;YACnC,CAAC,GAAG,4BAAmB,+BAAC,CAAC,GAAK,GAAG,EAAC,CAAC;SACpC;aAAM;YACL,MAAM,IAAI,KAAK,CAAC,yBAAyB,CAAC,CAAC;SAC5C;QAED,IAAI,UAAU,EAAE;YACd,CAAC,GAAG,CAAC,CAAC,WAAW,EAAE,CAAC;YACpB,CAAC,GAAG,CAAC,CAAC,WAAW,EAAE,CAAC;SACrB;QAED,IAAI,UAAU,EAAE;YACd,IAAI,CAAC,GAAG,CAAC;gBAAE,OAAO,CAAC,CAAC;YACpB,IAAI,CAAC,GAAG,CAAC;gBAAE,OAAO,CAAC,CAAC,CAAC;YACrB,OAAO,CAAC,CAAC;SACV;QACD,eAAe;QACf,IAAI,CAAC,GAAG,CAAC;YAAE,OAAO,CAAC,CAAC,CAAC;QACrB,IAAI,CAAC,GAAG,CAAC;YAAE,OAAO,CAAC,CAAC;QACpB,OAAO,CAAC,CAAC;IACX,CAAC;AA/BU,CA+BV,CAAC;AAyJA,0CAAe;AAvJjB;;;;;;;;;;;GAWG;AACH,IAAM,iBAAiB,GAAG,UAAC,EAQrB;QARqB,qBAQvB,EAAE,KAAA,EAPJ,WAAU,EAAV,GAAG,mBAAG,IAAI,KAAA,EACV,kBAAkB,EAAlB,UAAU,mBAAG,KAAK,KAAA,EAClB,kBAAkB,EAAlB,UAAU,mBAAG,KAAK,KAAA;IAKT,OAAA,UAAC,CAAM,EAAE,CAAM;QACxB,IAAI,CAAS,CAAC;QACd,IAAI,CAAS,CAAC;QAEd,IAAI,GAAG,KAAK,IAAI,EAAE;YAChB,CAAC,GAAG,CAAC,CAAC;YACN,CAAC,GAAG,CAAC,CAAC;SACP;aAAM,IAAI,OAAO,GAAG,KAAK,QAAQ,IAAI,OAAO,GAAG,KAAK,QAAQ,EAAE;YAC7D,CAAC,GAAG,CAAC,CAAC,GAAG,CAAC,CAAC;YACX,CAAC,GAAG,CAAC,CAAC,GAAG,CAAC,CAAC;SACZ;aAAM,IAAI,KAAK,CAAC,OAAO,CAAC,GAAG,CAAC,EAAE;YAC7B,CAAC,GAAG,4BAAmB,+BAAC,CAAC,GAAK,GAAG,EAAC,CAAC;YACnC,CAAC,GAAG,4BAAmB,+BAAC,CAAC,GAAK,GAAG,EAAC,CAAC;SACpC;aAAM;YACL,MAAM,IAAI,KAAK,CAAC,yBAAyB,CAAC,CAAC;SAC5C;QAED,IAAI,UAAU,EAAE;YACd,CAAC,GAAG,IAAI,CAAC,GAAG,CAAC,CAAC,CAAC,CAAC;YAChB,CAAC,GAAG,IAAI,CAAC,GAAG,CAAC,CAAC,CAAC,CAAC;SACjB;QAED,IAAI,UAAU,EAAE;YACd,IAAI,CAAC,GAAG,CAAC;gBAAE,OAAO,CAAC,CAAC;YACpB,IAAI,CAAC,GAAG,CAAC;gBAAE,OAAO,CAAC,CAAC,CAAC;YACrB,OAAO,CAAC,CAAC;SACV;QACD,eAAe;QACf,IAAI,CAAC,GAAG,CAAC;YAAE,OAAO,CAAC,CAAC,CAAC;QACrB,IAAI,CAAC,GAAG,CAAC;YAAE,OAAO,CAAC,CAAC;QACpB,OAAO,CAAC,CAAC;IACX,CAAC;AA/BU,CA+BV,CAAC;AAqGA,8CAAiB;AAnGnB;;;;;;;;GAQG;AACH,IAAM,UAAU,GAAG,UACjB,GAAU,EACV,UAA4D,EAC5D,CAAuB;IADvB,2BAAA,EAAA,aAAyC,eAAe,CAAC,EAAE,CAAC;IAC5D,kBAAA,EAAA,QAAuB;IAEvB,IAAM,GAAG,GAAG,GAAG,CAAC,KAAK,CAAC,CAAC,CAAC,CAAC,CAAC,yBAAyB;IACnD,IAAM,GAAG,GAAG,GAAG,CAAC,MAAM,CAAC;IAEvB,KAAK,IAAI,KAAK,GAAG,CAAC,EAAE,KAAK,GAAG,GAAG,EAAE,KAAK,IAAI,CAAC,EAAE;QAC3C,KAAK,IAAI,CAAC,GAAG,GAAG,GAAG,CAAC,EAAE,CAAC,GAAG,KAAK,EAAE,CAAC,IAAI,CAAC,EAAE;YACvC,IAAM,GAAG,GAAG,UAAU,CAAC,GAAG,CAAC,CAAC,GAAG,CAAC,CAAC,EAAE,GAAG,CAAC,CAAC,CAAC,CAAC,CAAC;YAC3C,IAAI,GAAG,GAAG,CAAC,EAAE;gBACX,IAAM,IAAI,GAAG,GAAG,CAAC,CAAC,CAAC,CAAC;gBACpB,GAAG,CAAC,CAAC,CAAC,GAAG,GAAG,CAAC,CAAC,GAAG,CAAC,CAAC,CAAC;gBACpB,GAAG,CAAC,CAAC,GAAG,CAAC,CAAC,GAAG,IAAI,CAAC;aACnB;SACF;QAED,IAAI,CAAC,KAAK,IAAI,IAAI,KAAK,KAAK,CAAC,GAAG,CAAC,EAAE;YACjC,OAAO,GAAG,CAAC;SACZ;KACF;IAED,OAAO,GAAG,CAAC;AACb,CAAC,CAAC;AAmEA,gCAAU;AAjEZ;;;;;;GAMG;AACH,IAAM,SAAS,GAAG,UAChB,GAAU,EACV,UAA4D;IAA5D,2BAAA,EAAA,aAAyC,eAAe,CAAC,EAAE,CAAC;IAE5D,IAAI,GAAG,CAAC,MAAM,GAAG,CAAC,EAAE;QAClB,IAAM,GAAG,GAAG,IAAI,CAAC,KAAK,CAAC,GAAG,CAAC,MAAM,GAAG,CAAC,CAAC,CAAC;QACvC,IAAM,OAAO,GAAG,SAAS,CAAC,GAAG,CAAC,KAAK,CAAC,CAAC,EAAE,GAAG,CAAC,EAAE,UAAU,CAAC,CAAC;QACzD,IAAM,QAAQ,GAAG,SAAS,CAAC,GAAG,CAAC,KAAK,CAAC,GAAG,CAAC,EAAE,UAAU,CAAC,CAAC;QAEvD,IAAM,SAAS,GAAG,EAAE,CAAC;QAErB,IAAI,EAAE,GAAG,CAAC,CAAC;QACX,IAAI,EAAE,GAAG,CAAC,CAAC;QAEX,OAAO,EAAE,GAAG,OAAO,CAAC,MAAM,IAAI,EAAE,GAAG,QAAQ,CAAC,MAAM,EAAE;YAClD,IAAM,GAAG,GAAG,UAAU,CAAC,OAAO,CAAC,EAAE,CAAC,EAAE,QAAQ,CAAC,EAAE,CAAC,CAAC,CAAC;YAClD,IAAI,GAAG,GAAG,CAAC,EAAE;gBACX,SAAS,CAAC,IAAI,CAAC,QAAQ,CAAC,EAAE,CAAC,CAAC,CAAC;gBAC7B,EAAE,IAAI,CAAC,CAAC;aACT;iBAAM;gBACL,SAAS,CAAC,IAAI,CAAC,OAAO,CAAC,EAAE,CAAC,CAAC,CAAC;gBAC5B,EAAE,IAAI,CAAC,CAAC;aACT;SACF;QAED,OAAO,SAAS,CAAC,MAAM,CAAC,OAAO,CAAC,KAAK,CAAC,EAAE,CAAC,CAAC,CAAC,MAAM,CAAC,QAAQ,CAAC,KAAK,CAAC,EAAE,CAAC,CAAC,CAAC;KACvE;IAED,OAAO,GAAG,CAAC;AACb,CAAC,CAAC;AA8BA,8BAAS;AA5BX;;;;;;;;;;;;GAYG;AACH,IAAM,WAAW,GAAG,UAClB,GAAU,EACV,UAA4D,EAC5D,CAAuB;IAEvB,kCAAkC;IAClC,2CAA2C;IAJ3C,2BAAA,EAAA,aAAyC,eAAe,CAAC,EAAE,CAAC;IAC5D,kBAAA,EAAA,QAAuB;IAKvB,OAAO,UAAU,CAAC,GAAG,EAAE,UAAU,EAAE,CAAC,CAAC,CAAC;AACxC,CAAC,CAAC;AAOA,kCAAW",
      "sourcesContent": [
        "/**\n * Sorting algorithms\n */\n\nimport { valOfKeysAndIndices } from './others';\n\n/**\n * Compare function for comparing lexicographic order\n * @param ignoreCase Ignore the case of the given string.\n * @param descending True for descending order, false for\n * ascending order\n * @param key An array of indices and/or keys pointing to the value for\n * comparison.\n * For example, if `x = {name: 'Tom'}`, use `comparatorLexic({key = 'name'})`\n * to fetch value `'Tom'` for comparison.\n * If `x = { key0: [{ key1: [Earth, Mars,] },] }`, to fetch `Mars` for\n * comparison, use `comparatorLexic({key = ['key0', 0, 'key', 1]})`.\n * See valOfKeysAndIndices for more details.\n */\nconst comparatorLexic = ({\n  key = null,\n  ignoreCase = false,\n  descending = false,\n}: {\n  key?: (string | number)[] | null;\n  ignoreCase?: boolean;\n  descending?: boolean;\n} = {}) => (x: any, y: any): number => {\n  let a = '';\n  let b = '';\n\n  if (key === null) {\n    a = x.toString();\n    b = y.toString();\n  } else if (typeof key === 'string' || typeof key === 'number') {\n    a = x[key];\n    b = y[key];\n  } else if (Array.isArray(key)) {\n    a = valOfKeysAndIndices(x, ...key);\n    b = valOfKeysAndIndices(y, ...key);\n  } else {\n    throw new Error(\"Invalid argument 'key'.\");\n  }\n\n  if (ignoreCase) {\n    a = a.toUpperCase();\n    b = b.toUpperCase();\n  }\n\n  if (descending) {\n    if (a < b) return 1;\n    if (a > b) return -1;\n    return 0;\n  }\n  // if ascending\n  if (a < b) return -1;\n  if (a > b) return 1;\n  return 0;\n};\n\n/**\n * Compare function for comparing numerical order\n * @param ignoreSign Ignore the sign of the number, i.e. use the absolute\n * value for comparison.\n * @param descending True for descending order, false for\n * ascending order\n * @param key An array of indices and/or keys pointing to the value\n * for comparison.\n * If `x = { key0: [{ key1: [3.142, 6.626,] },] }`, to fetch `6.626` for\n * comparison, use `comparatorLexic({key = ['key0', 0, 'key', 1]})`.\n * See valOfKeysAndIndices for more details.\n */\nconst comparatorNumeric = ({\n  key = null,\n  ignoreSign = false,\n  descending = false,\n}: {\n  key?: (string | number)[] | null;\n  ignoreSign?: boolean;\n  descending?: boolean;\n} = {}) => (x: any, y: any): number => {\n  let a: number;\n  let b: number;\n\n  if (key === null) {\n    a = x;\n    b = y;\n  } else if (typeof key === 'string' || typeof key === 'number') {\n    a = x[key];\n    b = y[key];\n  } else if (Array.isArray(key)) {\n    a = valOfKeysAndIndices(x, ...key);\n    b = valOfKeysAndIndices(y, ...key);\n  } else {\n    throw new Error(\"Invalid argument 'key'.\");\n  }\n\n  if (ignoreSign) {\n    a = Math.abs(a);\n    b = Math.abs(b);\n  }\n\n  if (descending) {\n    if (a < b) return 1;\n    if (a > b) return -1;\n    return 0;\n  }\n  // if ascending\n  if (a < b) return -1;\n  if (a > b) return 1;\n  return 0;\n};\n\n/**\n * Bubble sort\n * Stable: yes\n * @param arr (Positional, required) An array to be sorted.\n * @param comaprator (Positional, optional) Compare function.\n * @param k (Positional, optional) Partial sorting. Once the first k\n * elements are sorted, return the results.\n * @return An sorted array\n */\nconst bubbleSort = (\n  arr: any[],\n  comparator: (a: any, b: any) => number = comparatorLexic({}),\n  k: number | null = null\n): any[] => {\n  const ans = arr.slice(0); // Eliminate side effects\n  const len = ans.length;\n\n  for (let start = 0; start < len; start += 1) {\n    for (let i = len - 1; i > start; i -= 1) {\n      const cmp = comparator(ans[i - 1], ans[i]);\n      if (cmp > 0) {\n        const swap = ans[i];\n        ans[i] = ans[i - 1];\n        ans[i - 1] = swap;\n      }\n    }\n\n    if (k !== null && start === k - 1) {\n      return ans;\n    }\n  }\n\n  return ans;\n};\n\n/**\n * Merge sort\n * Stable: yes\n * @param arr An array to be sorted\n * @param comaprator (Optional) Compare function\n * @return An sorted array\n */\nconst mergeSort = (\n  arr: any[],\n  comparator: (a: any, b: any) => number = comparatorLexic({})\n): any[] => {\n  if (arr.length > 1) {\n    const mid = Math.floor(arr.length / 2);\n    const leftArr = mergeSort(arr.slice(0, mid), comparator);\n    const rightArr = mergeSort(arr.slice(mid), comparator);\n\n    const sortedArr = [];\n\n    let iL = 0;\n    let iR = 0;\n\n    while (iL < leftArr.length && iR < rightArr.length) {\n      const cmp = comparator(leftArr[iL], rightArr[iR]);\n      if (cmp > 0) {\n        sortedArr.push(rightArr[iR]);\n        iR += 1;\n      } else {\n        sortedArr.push(leftArr[iL]);\n        iL += 1;\n      }\n    }\n\n    return sortedArr.concat(leftArr.slice(iL)).concat(rightArr.slice(iR));\n  }\n\n  return arr;\n};\n\n/**\n * Partial sort: Get first K sorted elements\n *\n * @param arr An array to be sorted.\n * @param comparator (Optional) Compare function.\n * @return An sorted array.\n *\n * The order depends on the comparator you use.\n * For example, if you want to get the first K smallest numbers, use compare\n * function `comparatorNumeric({descending: false})`.\n * If you want to get the first K largest numbers, use compare function\n * `comparatorNumeric({descending: true})`.\n */\nconst partialSort = (\n  arr: any[],\n  comparator: (a: any, b: any) => number = comparatorLexic({}),\n  k: number | null = null\n) => {\n  // Use bubbleSort for small arrays\n  // Will implement heapSort for large arrays\n\n  return bubbleSort(arr, comparator, k);\n};\n\nexport {\n  comparatorLexic,\n  comparatorNumeric,\n  bubbleSort,\n  mergeSort,\n  partialSort,\n};\n"
      ]
    },
    "_coverageSchema": "1a1c01bbd47fc00a2c39e90264f33305004495a9",
    "hash": "f78da34b9c861acf7214bd8879ff16c3aced5933"
  }
}
